[2026-02-26 00:03:18] local.INFO: Detected N+1 Query  
[2026-02-26 00:03:18] local.INFO: Model: App\Models\User
Relation: Spatie\Permission\Models\Role
Num-Called: 2
Call-Stack:
#20 \vendor\spatie\laravel-permission\src\Traits\HasRoles.php:188
#21 \app\Http\Middleware\MustVerifyEmail.php:23
#22 \vendor\laravel\framework\src\Illuminate\Pipeline\Pipeline.php:183
#23 \app\Http\Middleware\SwitchDatabase.php:40
#24 \vendor\laravel\framework\src\Illuminate\Pipeline\Pipeline.php:183
#25 \app\Http\Middleware\Status.php:42
#26 \vendor\laravel\framework\src\Illuminate\Pipeline\Pipeline.php:183
#27 \app\Http\Middleware\CheckSchoolStatus.php:107
#28 \vendor\laravel\framework\src\Illuminate\Pipeline\Pipeline.php:183
#29 \app\Http\Middleware\CheckRole.php:38
#30 \vendor\laravel\framework\src\Illuminate\Pipeline\Pipeline.php:183
#31 \app\Http\Middleware\WizardSettings.php:29
#32 \vendor\laravel\framework\src\Illuminate\Pipeline\Pipeline.php:183
#33 \app\Http\Middleware\LanguageManager.php:61
#34 \vendor\laravel\framework\src\Illuminate\Pipeline\Pipeline.php:183
#35 \app\Http\Middleware\DemoMiddleware.php:68
#36 \vendor\laravel\framework\src\Illuminate\Pipeline\Pipeline.php:183
#37 \vendor\laravel\framework\src\Illuminate\Routing\Middleware\SubstituteBindings.php:50
#38 \vendor\laravel\framework\src\Illuminate\Pipeline\Pipeline.php:183
#39 \vendor\laravel\framework\src\Illuminate\Foundation\Http\Middleware\VerifyCsrfToken.php:78
#40 \vendor\laravel\framework\src\Illuminate\Pipeline\Pipeline.php:183
#41 \vendor\laravel\framework\src\Illuminate\View\Middleware\ShareErrorsFromSession.php:49
#42 \vendor\laravel\framework\src\Illuminate\Pipeline\Pipeline.php:183
#43 \vendor\laravel\framework\src\Illuminate\Session\Middleware\StartSession.php:121
#44 \vendor\laravel\framework\src\Illuminate\Session\Middleware\StartSession.php:64
#45 \vendor\laravel\framework\src\Illuminate\Pipeline\Pipeline.php:183
#46 \vendor\laravel\framework\src\Illuminate\Cookie\Middleware\AddQueuedCookiesToResponse.php:37
#47 \vendor\laravel\framework\src\Illuminate\Pipeline\Pipeline.php:183
#48 \vendor\laravel\framework\src\Illuminate\Cookie\Middleware\EncryptCookies.php:67
#49 \vendor\laravel\framework\src\Illuminate\Pipeline\Pipeline.php:183
  
[2026-02-26 00:11:28] local.INFO: Detected N+1 Query  
[2026-02-26 00:11:28] local.INFO: Model: App\Models\User
Relation: Spatie\Permission\Models\Role
Num-Called: 2
Call-Stack:
#20 \vendor\spatie\laravel-permission\src\Traits\HasRoles.php:188
#21 \app\Http\Middleware\MustVerifyEmail.php:23
#22 \vendor\laravel\framework\src\Illuminate\Pipeline\Pipeline.php:183
#23 \app\Http\Middleware\SwitchDatabase.php:40
#24 \vendor\laravel\framework\src\Illuminate\Pipeline\Pipeline.php:183
#25 \app\Http\Middleware\Status.php:42
#26 \vendor\laravel\framework\src\Illuminate\Pipeline\Pipeline.php:183
#27 \app\Http\Middleware\CheckSchoolStatus.php:107
#28 \vendor\laravel\framework\src\Illuminate\Pipeline\Pipeline.php:183
#29 \app\Http\Middleware\CheckRole.php:38
#30 \vendor\laravel\framework\src\Illuminate\Pipeline\Pipeline.php:183
#31 \app\Http\Middleware\WizardSettings.php:29
#32 \vendor\laravel\framework\src\Illuminate\Pipeline\Pipeline.php:183
#33 \app\Http\Middleware\LanguageManager.php:61
#34 \vendor\laravel\framework\src\Illuminate\Pipeline\Pipeline.php:183
#35 \app\Http\Middleware\DemoMiddleware.php:68
#36 \vendor\laravel\framework\src\Illuminate\Pipeline\Pipeline.php:183
#37 \vendor\laravel\framework\src\Illuminate\Routing\Middleware\SubstituteBindings.php:50
#38 \vendor\laravel\framework\src\Illuminate\Pipeline\Pipeline.php:183
#39 \vendor\laravel\framework\src\Illuminate\Foundation\Http\Middleware\VerifyCsrfToken.php:78
#40 \vendor\laravel\framework\src\Illuminate\Pipeline\Pipeline.php:183
#41 \vendor\laravel\framework\src\Illuminate\View\Middleware\ShareErrorsFromSession.php:49
#42 \vendor\laravel\framework\src\Illuminate\Pipeline\Pipeline.php:183
#43 \vendor\laravel\framework\src\Illuminate\Session\Middleware\StartSession.php:121
#44 \vendor\laravel\framework\src\Illuminate\Session\Middleware\StartSession.php:64
#45 \vendor\laravel\framework\src\Illuminate\Pipeline\Pipeline.php:183
#46 \vendor\laravel\framework\src\Illuminate\Cookie\Middleware\AddQueuedCookiesToResponse.php:37
#47 \vendor\laravel\framework\src\Illuminate\Pipeline\Pipeline.php:183
#48 \vendor\laravel\framework\src\Illuminate\Cookie\Middleware\EncryptCookies.php:67
#49 \vendor\laravel\framework\src\Illuminate\Pipeline\Pipeline.php:183
  
[2026-02-26 11:52:02] local.INFO: Detected N+1 Query  
[2026-02-26 11:52:02] local.INFO: Model: App\Models\User
Relation: Spatie\Permission\Models\Role
Num-Called: 2
Call-Stack:
#20 \vendor\spatie\laravel-permission\src\Traits\HasRoles.php:188
#21 \app\Http\Middleware\MustVerifyEmail.php:23
#22 \vendor\laravel\framework\src\Illuminate\Pipeline\Pipeline.php:183
#23 \app\Http\Middleware\SwitchDatabase.php:40
#24 \vendor\laravel\framework\src\Illuminate\Pipeline\Pipeline.php:183
#25 \app\Http\Middleware\Status.php:42
#26 \vendor\laravel\framework\src\Illuminate\Pipeline\Pipeline.php:183
#27 \app\Http\Middleware\CheckSchoolStatus.php:107
#28 \vendor\laravel\framework\src\Illuminate\Pipeline\Pipeline.php:183
#29 \app\Http\Middleware\CheckRole.php:38
#30 \vendor\laravel\framework\src\Illuminate\Pipeline\Pipeline.php:183
#31 \app\Http\Middleware\WizardSettings.php:29
#32 \vendor\laravel\framework\src\Illuminate\Pipeline\Pipeline.php:183
#33 \app\Http\Middleware\LanguageManager.php:61
#34 \vendor\laravel\framework\src\Illuminate\Pipeline\Pipeline.php:183
#35 \app\Http\Middleware\DemoMiddleware.php:68
#36 \vendor\laravel\framework\src\Illuminate\Pipeline\Pipeline.php:183
#37 \vendor\laravel\framework\src\Illuminate\Routing\Middleware\SubstituteBindings.php:50
#38 \vendor\laravel\framework\src\Illuminate\Pipeline\Pipeline.php:183
#39 \vendor\laravel\framework\src\Illuminate\Foundation\Http\Middleware\VerifyCsrfToken.php:78
#40 \vendor\laravel\framework\src\Illuminate\Pipeline\Pipeline.php:183
#41 \vendor\laravel\framework\src\Illuminate\View\Middleware\ShareErrorsFromSession.php:49
#42 \vendor\laravel\framework\src\Illuminate\Pipeline\Pipeline.php:183
#43 \vendor\laravel\framework\src\Illuminate\Session\Middleware\StartSession.php:121
#44 \vendor\laravel\framework\src\Illuminate\Session\Middleware\StartSession.php:64
#45 \vendor\laravel\framework\src\Illuminate\Pipeline\Pipeline.php:183
#46 \vendor\laravel\framework\src\Illuminate\Cookie\Middleware\AddQueuedCookiesToResponse.php:37
#47 \vendor\laravel\framework\src\Illuminate\Pipeline\Pipeline.php:183
#48 \vendor\laravel\framework\src\Illuminate\Cookie\Middleware\EncryptCookies.php:67
#49 \vendor\laravel\framework\src\Illuminate\Pipeline\Pipeline.php:183
  
[2026-02-26 11:52:40] local.INFO: Detected N+1 Query  
[2026-02-26 11:52:40] local.INFO: Model: App\Models\User
Relation: Spatie\Permission\Models\Role
Num-Called: 2
Call-Stack:
#20 \vendor\spatie\laravel-permission\src\Traits\HasRoles.php:188
#21 \app\Http\Middleware\MustVerifyEmail.php:23
#22 \vendor\laravel\framework\src\Illuminate\Pipeline\Pipeline.php:183
#23 \app\Http\Middleware\SwitchDatabase.php:40
#24 \vendor\laravel\framework\src\Illuminate\Pipeline\Pipeline.php:183
#25 \app\Http\Middleware\Status.php:42
#26 \vendor\laravel\framework\src\Illuminate\Pipeline\Pipeline.php:183
#27 \app\Http\Middleware\CheckSchoolStatus.php:107
#28 \vendor\laravel\framework\src\Illuminate\Pipeline\Pipeline.php:183
#29 \app\Http\Middleware\CheckRole.php:38
#30 \vendor\laravel\framework\src\Illuminate\Pipeline\Pipeline.php:183
#31 \app\Http\Middleware\WizardSettings.php:29
#32 \vendor\laravel\framework\src\Illuminate\Pipeline\Pipeline.php:183
#33 \app\Http\Middleware\LanguageManager.php:61
#34 \vendor\laravel\framework\src\Illuminate\Pipeline\Pipeline.php:183
#35 \app\Http\Middleware\DemoMiddleware.php:68
#36 \vendor\laravel\framework\src\Illuminate\Pipeline\Pipeline.php:183
#37 \vendor\laravel\framework\src\Illuminate\Routing\Middleware\SubstituteBindings.php:50
#38 \vendor\laravel\framework\src\Illuminate\Pipeline\Pipeline.php:183
#39 \vendor\laravel\framework\src\Illuminate\Foundation\Http\Middleware\VerifyCsrfToken.php:78
#40 \vendor\laravel\framework\src\Illuminate\Pipeline\Pipeline.php:183
#41 \vendor\laravel\framework\src\Illuminate\View\Middleware\ShareErrorsFromSession.php:49
#42 \vendor\laravel\framework\src\Illuminate\Pipeline\Pipeline.php:183
#43 \vendor\laravel\framework\src\Illuminate\Session\Middleware\StartSession.php:121
#44 \vendor\laravel\framework\src\Illuminate\Session\Middleware\StartSession.php:64
#45 \vendor\laravel\framework\src\Illuminate\Pipeline\Pipeline.php:183
#46 \vendor\laravel\framework\src\Illuminate\Cookie\Middleware\AddQueuedCookiesToResponse.php:37
#47 \vendor\laravel\framework\src\Illuminate\Pipeline\Pipeline.php:183
#48 \vendor\laravel\framework\src\Illuminate\Cookie\Middleware\EncryptCookies.php:67
#49 \vendor\laravel\framework\src\Illuminate\Pipeline\Pipeline.php:183
  
[2026-02-26 11:53:31] local.INFO: Detected N+1 Query  
[2026-02-26 11:53:31] local.INFO: Model: App\Models\User
Relation: Spatie\Permission\Models\Role
Num-Called: 2
Call-Stack:
#20 \vendor\spatie\laravel-permission\src\Traits\HasRoles.php:188
#21 \app\Http\Middleware\MustVerifyEmail.php:23
#22 \vendor\laravel\framework\src\Illuminate\Pipeline\Pipeline.php:183
#23 \app\Http\Middleware\SwitchDatabase.php:40
#24 \vendor\laravel\framework\src\Illuminate\Pipeline\Pipeline.php:183
#25 \app\Http\Middleware\Status.php:42
#26 \vendor\laravel\framework\src\Illuminate\Pipeline\Pipeline.php:183
#27 \app\Http\Middleware\CheckSchoolStatus.php:107
#28 \vendor\laravel\framework\src\Illuminate\Pipeline\Pipeline.php:183
#29 \app\Http\Middleware\CheckRole.php:38
#30 \vendor\laravel\framework\src\Illuminate\Pipeline\Pipeline.php:183
#31 \app\Http\Middleware\WizardSettings.php:29
#32 \vendor\laravel\framework\src\Illuminate\Pipeline\Pipeline.php:183
#33 \app\Http\Middleware\LanguageManager.php:61
#34 \vendor\laravel\framework\src\Illuminate\Pipeline\Pipeline.php:183
#35 \app\Http\Middleware\DemoMiddleware.php:68
#36 \vendor\laravel\framework\src\Illuminate\Pipeline\Pipeline.php:183
#37 \vendor\laravel\framework\src\Illuminate\Routing\Middleware\SubstituteBindings.php:50
#38 \vendor\laravel\framework\src\Illuminate\Pipeline\Pipeline.php:183
#39 \vendor\laravel\framework\src\Illuminate\Foundation\Http\Middleware\VerifyCsrfToken.php:78
#40 \vendor\laravel\framework\src\Illuminate\Pipeline\Pipeline.php:183
#41 \vendor\laravel\framework\src\Illuminate\View\Middleware\ShareErrorsFromSession.php:49
#42 \vendor\laravel\framework\src\Illuminate\Pipeline\Pipeline.php:183
#43 \vendor\laravel\framework\src\Illuminate\Session\Middleware\StartSession.php:121
#44 \vendor\laravel\framework\src\Illuminate\Session\Middleware\StartSession.php:64
#45 \vendor\laravel\framework\src\Illuminate\Pipeline\Pipeline.php:183
#46 \vendor\laravel\framework\src\Illuminate\Cookie\Middleware\AddQueuedCookiesToResponse.php:37
#47 \vendor\laravel\framework\src\Illuminate\Pipeline\Pipeline.php:183
#48 \vendor\laravel\framework\src\Illuminate\Cookie\Middleware\EncryptCookies.php:67
#49 \vendor\laravel\framework\src\Illuminate\Pipeline\Pipeline.php:183
  
[2026-02-26 11:53:33] local.INFO: Detected N+1 Query  
[2026-02-26 11:53:33] local.INFO: Model: App\Models\User
Relation: Spatie\Permission\Models\Role
Num-Called: 2
Call-Stack:
#20 \vendor\spatie\laravel-permission\src\Traits\HasRoles.php:188
#21 \app\Http\Middleware\MustVerifyEmail.php:23
#22 \vendor\laravel\framework\src\Illuminate\Pipeline\Pipeline.php:183
#23 \app\Http\Middleware\SwitchDatabase.php:40
#24 \vendor\laravel\framework\src\Illuminate\Pipeline\Pipeline.php:183
#25 \app\Http\Middleware\Status.php:42
#26 \vendor\laravel\framework\src\Illuminate\Pipeline\Pipeline.php:183
#27 \app\Http\Middleware\CheckSchoolStatus.php:107
#28 \vendor\laravel\framework\src\Illuminate\Pipeline\Pipeline.php:183
#29 \app\Http\Middleware\CheckRole.php:38
#30 \vendor\laravel\framework\src\Illuminate\Pipeline\Pipeline.php:183
#31 \app\Http\Middleware\WizardSettings.php:29
#32 \vendor\laravel\framework\src\Illuminate\Pipeline\Pipeline.php:183
#33 \app\Http\Middleware\LanguageManager.php:61
#34 \vendor\laravel\framework\src\Illuminate\Pipeline\Pipeline.php:183
#35 \app\Http\Middleware\DemoMiddleware.php:68
#36 \vendor\laravel\framework\src\Illuminate\Pipeline\Pipeline.php:183
#37 \vendor\laravel\framework\src\Illuminate\Routing\Middleware\SubstituteBindings.php:50
#38 \vendor\laravel\framework\src\Illuminate\Pipeline\Pipeline.php:183
#39 \vendor\laravel\framework\src\Illuminate\Foundation\Http\Middleware\VerifyCsrfToken.php:78
#40 \vendor\laravel\framework\src\Illuminate\Pipeline\Pipeline.php:183
#41 \vendor\laravel\framework\src\Illuminate\View\Middleware\ShareErrorsFromSession.php:49
#42 \vendor\laravel\framework\src\Illuminate\Pipeline\Pipeline.php:183
#43 \vendor\laravel\framework\src\Illuminate\Session\Middleware\StartSession.php:121
#44 \vendor\laravel\framework\src\Illuminate\Session\Middleware\StartSession.php:64
#45 \vendor\laravel\framework\src\Illuminate\Pipeline\Pipeline.php:183
#46 \vendor\laravel\framework\src\Illuminate\Cookie\Middleware\AddQueuedCookiesToResponse.php:37
#47 \vendor\laravel\framework\src\Illuminate\Pipeline\Pipeline.php:183
#48 \vendor\laravel\framework\src\Illuminate\Cookie\Middleware\EncryptCookies.php:67
#49 \vendor\laravel\framework\src\Illuminate\Pipeline\Pipeline.php:183
  
[2026-02-26 11:53:49] local.INFO: Detected N+1 Query  
[2026-02-26 11:53:49] local.INFO: Model: App\Models\User
Relation: Spatie\Permission\Models\Role
Num-Called: 2
Call-Stack:
#20 \vendor\spatie\laravel-permission\src\Traits\HasRoles.php:188
#21 \app\Http\Middleware\MustVerifyEmail.php:23
#22 \vendor\laravel\framework\src\Illuminate\Pipeline\Pipeline.php:183
#23 \app\Http\Middleware\SwitchDatabase.php:40
#24 \vendor\laravel\framework\src\Illuminate\Pipeline\Pipeline.php:183
#25 \app\Http\Middleware\Status.php:42
#26 \vendor\laravel\framework\src\Illuminate\Pipeline\Pipeline.php:183
#27 \app\Http\Middleware\CheckSchoolStatus.php:107
#28 \vendor\laravel\framework\src\Illuminate\Pipeline\Pipeline.php:183
#29 \app\Http\Middleware\CheckRole.php:38
#30 \vendor\laravel\framework\src\Illuminate\Pipeline\Pipeline.php:183
#31 \app\Http\Middleware\WizardSettings.php:29
#32 \vendor\laravel\framework\src\Illuminate\Pipeline\Pipeline.php:183
#33 \app\Http\Middleware\LanguageManager.php:61
#34 \vendor\laravel\framework\src\Illuminate\Pipeline\Pipeline.php:183
#35 \app\Http\Middleware\DemoMiddleware.php:68
#36 \vendor\laravel\framework\src\Illuminate\Pipeline\Pipeline.php:183
#37 \vendor\laravel\framework\src\Illuminate\Routing\Middleware\SubstituteBindings.php:50
#38 \vendor\laravel\framework\src\Illuminate\Pipeline\Pipeline.php:183
#39 \vendor\laravel\framework\src\Illuminate\Foundation\Http\Middleware\VerifyCsrfToken.php:78
#40 \vendor\laravel\framework\src\Illuminate\Pipeline\Pipeline.php:183
#41 \vendor\laravel\framework\src\Illuminate\View\Middleware\ShareErrorsFromSession.php:49
#42 \vendor\laravel\framework\src\Illuminate\Pipeline\Pipeline.php:183
#43 \vendor\laravel\framework\src\Illuminate\Session\Middleware\StartSession.php:121
#44 \vendor\laravel\framework\src\Illuminate\Session\Middleware\StartSession.php:64
#45 \vendor\laravel\framework\src\Illuminate\Pipeline\Pipeline.php:183
#46 \vendor\laravel\framework\src\Illuminate\Cookie\Middleware\AddQueuedCookiesToResponse.php:37
#47 \vendor\laravel\framework\src\Illuminate\Pipeline\Pipeline.php:183
#48 \vendor\laravel\framework\src\Illuminate\Cookie\Middleware\EncryptCookies.php:67
#49 \vendor\laravel\framework\src\Illuminate\Pipeline\Pipeline.php:183
  
[2026-02-26 11:53:50] local.INFO: Detected N+1 Query  
[2026-02-26 11:53:50] local.INFO: Model: App\Models\User
Relation: Spatie\Permission\Models\Role
Num-Called: 2
Call-Stack:
#20 \vendor\spatie\laravel-permission\src\Traits\HasRoles.php:188
#21 \app\Http\Middleware\MustVerifyEmail.php:23
#22 \vendor\laravel\framework\src\Illuminate\Pipeline\Pipeline.php:183
#23 \app\Http\Middleware\SwitchDatabase.php:40
#24 \vendor\laravel\framework\src\Illuminate\Pipeline\Pipeline.php:183
#25 \app\Http\Middleware\Status.php:42
#26 \vendor\laravel\framework\src\Illuminate\Pipeline\Pipeline.php:183
#27 \app\Http\Middleware\CheckSchoolStatus.php:107
#28 \vendor\laravel\framework\src\Illuminate\Pipeline\Pipeline.php:183
#29 \app\Http\Middleware\CheckRole.php:38
#30 \vendor\laravel\framework\src\Illuminate\Pipeline\Pipeline.php:183
#31 \app\Http\Middleware\WizardSettings.php:29
#32 \vendor\laravel\framework\src\Illuminate\Pipeline\Pipeline.php:183
#33 \app\Http\Middleware\LanguageManager.php:61
#34 \vendor\laravel\framework\src\Illuminate\Pipeline\Pipeline.php:183
#35 \app\Http\Middleware\DemoMiddleware.php:68
#36 \vendor\laravel\framework\src\Illuminate\Pipeline\Pipeline.php:183
#37 \vendor\laravel\framework\src\Illuminate\Routing\Middleware\SubstituteBindings.php:50
#38 \vendor\laravel\framework\src\Illuminate\Pipeline\Pipeline.php:183
#39 \vendor\laravel\framework\src\Illuminate\Foundation\Http\Middleware\VerifyCsrfToken.php:78
#40 \vendor\laravel\framework\src\Illuminate\Pipeline\Pipeline.php:183
#41 \vendor\laravel\framework\src\Illuminate\View\Middleware\ShareErrorsFromSession.php:49
#42 \vendor\laravel\framework\src\Illuminate\Pipeline\Pipeline.php:183
#43 \vendor\laravel\framework\src\Illuminate\Session\Middleware\StartSession.php:121
#44 \vendor\laravel\framework\src\Illuminate\Session\Middleware\StartSession.php:64
#45 \vendor\laravel\framework\src\Illuminate\Pipeline\Pipeline.php:183
#46 \vendor\laravel\framework\src\Illuminate\Cookie\Middleware\AddQueuedCookiesToResponse.php:37
#47 \vendor\laravel\framework\src\Illuminate\Pipeline\Pipeline.php:183
#48 \vendor\laravel\framework\src\Illuminate\Cookie\Middleware\EncryptCookies.php:67
#49 \vendor\laravel\framework\src\Illuminate\Pipeline\Pipeline.php:183
  
[2026-02-26 11:53:51] local.INFO: Detected N+1 Query  
[2026-02-26 11:53:51] local.INFO: Model: App\Models\User
Relation: Spatie\Permission\Models\Role
Num-Called: 2
Call-Stack:
#20 \vendor\spatie\laravel-permission\src\Traits\HasRoles.php:188
#21 \app\Http\Middleware\MustVerifyEmail.php:23
#22 \vendor\laravel\framework\src\Illuminate\Pipeline\Pipeline.php:183
#23 \app\Http\Middleware\SwitchDatabase.php:40
#24 \vendor\laravel\framework\src\Illuminate\Pipeline\Pipeline.php:183
#25 \app\Http\Middleware\Status.php:42
#26 \vendor\laravel\framework\src\Illuminate\Pipeline\Pipeline.php:183
#27 \app\Http\Middleware\CheckSchoolStatus.php:107
#28 \vendor\laravel\framework\src\Illuminate\Pipeline\Pipeline.php:183
#29 \app\Http\Middleware\CheckRole.php:38
#30 \vendor\laravel\framework\src\Illuminate\Pipeline\Pipeline.php:183
#31 \app\Http\Middleware\WizardSettings.php:29
#32 \vendor\laravel\framework\src\Illuminate\Pipeline\Pipeline.php:183
#33 \app\Http\Middleware\LanguageManager.php:61
#34 \vendor\laravel\framework\src\Illuminate\Pipeline\Pipeline.php:183
#35 \app\Http\Middleware\DemoMiddleware.php:68
#36 \vendor\laravel\framework\src\Illuminate\Pipeline\Pipeline.php:183
#37 \vendor\laravel\framework\src\Illuminate\Routing\Middleware\SubstituteBindings.php:50
#38 \vendor\laravel\framework\src\Illuminate\Pipeline\Pipeline.php:183
#39 \vendor\laravel\framework\src\Illuminate\Foundation\Http\Middleware\VerifyCsrfToken.php:78
#40 \vendor\laravel\framework\src\Illuminate\Pipeline\Pipeline.php:183
#41 \vendor\laravel\framework\src\Illuminate\View\Middleware\ShareErrorsFromSession.php:49
#42 \vendor\laravel\framework\src\Illuminate\Pipeline\Pipeline.php:183
#43 \vendor\laravel\framework\src\Illuminate\Session\Middleware\StartSession.php:121
#44 \vendor\laravel\framework\src\Illuminate\Session\Middleware\StartSession.php:64
#45 \vendor\laravel\framework\src\Illuminate\Pipeline\Pipeline.php:183
#46 \vendor\laravel\framework\src\Illuminate\Cookie\Middleware\AddQueuedCookiesToResponse.php:37
#47 \vendor\laravel\framework\src\Illuminate\Pipeline\Pipeline.php:183
#48 \vendor\laravel\framework\src\Illuminate\Cookie\Middleware\EncryptCookies.php:67
#49 \vendor\laravel\framework\src\Illuminate\Pipeline\Pipeline.php:183
  
[2026-02-26 11:53:51] local.INFO: Detected N+1 Query  
[2026-02-26 11:53:51] local.INFO: Model: App\Models\User
Relation: Spatie\Permission\Models\Role
Num-Called: 2
Call-Stack:
#20 \vendor\spatie\laravel-permission\src\Traits\HasRoles.php:188
#21 \app\Http\Middleware\MustVerifyEmail.php:23
#22 \vendor\laravel\framework\src\Illuminate\Pipeline\Pipeline.php:183
#23 \app\Http\Middleware\SwitchDatabase.php:40
#24 \vendor\laravel\framework\src\Illuminate\Pipeline\Pipeline.php:183
#25 \app\Http\Middleware\Status.php:42
#26 \vendor\laravel\framework\src\Illuminate\Pipeline\Pipeline.php:183
#27 \app\Http\Middleware\CheckSchoolStatus.php:107
#28 \vendor\laravel\framework\src\Illuminate\Pipeline\Pipeline.php:183
#29 \app\Http\Middleware\CheckRole.php:38
#30 \vendor\laravel\framework\src\Illuminate\Pipeline\Pipeline.php:183
#31 \app\Http\Middleware\WizardSettings.php:29
#32 \vendor\laravel\framework\src\Illuminate\Pipeline\Pipeline.php:183
#33 \app\Http\Middleware\LanguageManager.php:61
#34 \vendor\laravel\framework\src\Illuminate\Pipeline\Pipeline.php:183
#35 \app\Http\Middleware\DemoMiddleware.php:68
#36 \vendor\laravel\framework\src\Illuminate\Pipeline\Pipeline.php:183
#37 \vendor\laravel\framework\src\Illuminate\Routing\Middleware\SubstituteBindings.php:50
#38 \vendor\laravel\framework\src\Illuminate\Pipeline\Pipeline.php:183
#39 \vendor\laravel\framework\src\Illuminate\Foundation\Http\Middleware\VerifyCsrfToken.php:78
#40 \vendor\laravel\framework\src\Illuminate\Pipeline\Pipeline.php:183
#41 \vendor\laravel\framework\src\Illuminate\View\Middleware\ShareErrorsFromSession.php:49
#42 \vendor\laravel\framework\src\Illuminate\Pipeline\Pipeline.php:183
#43 \vendor\laravel\framework\src\Illuminate\Session\Middleware\StartSession.php:121
#44 \vendor\laravel\framework\src\Illuminate\Session\Middleware\StartSession.php:64
#45 \vendor\laravel\framework\src\Illuminate\Pipeline\Pipeline.php:183
#46 \vendor\laravel\framework\src\Illuminate\Cookie\Middleware\AddQueuedCookiesToResponse.php:37
#47 \vendor\laravel\framework\src\Illuminate\Pipeline\Pipeline.php:183
#48 \vendor\laravel\framework\src\Illuminate\Cookie\Middleware\EncryptCookies.php:67
#49 \vendor\laravel\framework\src\Illuminate\Pipeline\Pipeline.php:183
  
[2026-02-26 11:54:10] local.INFO: Detected N+1 Query  
[2026-02-26 11:54:10] local.INFO: Model: App\Models\User
Relation: Spatie\Permission\Models\Role
Num-Called: 2
Call-Stack:
#20 \vendor\spatie\laravel-permission\src\Traits\HasRoles.php:188
#21 \app\Http\Middleware\MustVerifyEmail.php:23
#22 \vendor\laravel\framework\src\Illuminate\Pipeline\Pipeline.php:183
#23 \app\Http\Middleware\SwitchDatabase.php:40
#24 \vendor\laravel\framework\src\Illuminate\Pipeline\Pipeline.php:183
#25 \app\Http\Middleware\Status.php:42
#26 \vendor\laravel\framework\src\Illuminate\Pipeline\Pipeline.php:183
#27 \app\Http\Middleware\CheckSchoolStatus.php:107
#28 \vendor\laravel\framework\src\Illuminate\Pipeline\Pipeline.php:183
#29 \app\Http\Middleware\CheckRole.php:38
#30 \vendor\laravel\framework\src\Illuminate\Pipeline\Pipeline.php:183
#31 \app\Http\Middleware\WizardSettings.php:29
#32 \vendor\laravel\framework\src\Illuminate\Pipeline\Pipeline.php:183
#33 \app\Http\Middleware\LanguageManager.php:61
#34 \vendor\laravel\framework\src\Illuminate\Pipeline\Pipeline.php:183
#35 \app\Http\Middleware\DemoMiddleware.php:68
#36 \vendor\laravel\framework\src\Illuminate\Pipeline\Pipeline.php:183
#37 \vendor\laravel\framework\src\Illuminate\Routing\Middleware\SubstituteBindings.php:50
#38 \vendor\laravel\framework\src\Illuminate\Pipeline\Pipeline.php:183
#39 \vendor\laravel\framework\src\Illuminate\Foundation\Http\Middleware\VerifyCsrfToken.php:78
#40 \vendor\laravel\framework\src\Illuminate\Pipeline\Pipeline.php:183
#41 \vendor\laravel\framework\src\Illuminate\View\Middleware\ShareErrorsFromSession.php:49
#42 \vendor\laravel\framework\src\Illuminate\Pipeline\Pipeline.php:183
#43 \vendor\laravel\framework\src\Illuminate\Session\Middleware\StartSession.php:121
#44 \vendor\laravel\framework\src\Illuminate\Session\Middleware\StartSession.php:64
#45 \vendor\laravel\framework\src\Illuminate\Pipeline\Pipeline.php:183
#46 \vendor\laravel\framework\src\Illuminate\Cookie\Middleware\AddQueuedCookiesToResponse.php:37
#47 \vendor\laravel\framework\src\Illuminate\Pipeline\Pipeline.php:183
#48 \vendor\laravel\framework\src\Illuminate\Cookie\Middleware\EncryptCookies.php:67
#49 \vendor\laravel\framework\src\Illuminate\Pipeline\Pipeline.php:183
  
[2026-02-26 11:54:27] local.INFO: Detected N+1 Query  
[2026-02-26 11:54:27] local.INFO: Model: App\Models\User
Relation: Spatie\Permission\Models\Role
Num-Called: 2
Call-Stack:
#20 \vendor\spatie\laravel-permission\src\Traits\HasRoles.php:188
#21 \app\Http\Middleware\MustVerifyEmail.php:23
#22 \vendor\laravel\framework\src\Illuminate\Pipeline\Pipeline.php:183
#23 \app\Http\Middleware\SwitchDatabase.php:40
#24 \vendor\laravel\framework\src\Illuminate\Pipeline\Pipeline.php:183
#25 \app\Http\Middleware\Status.php:42
#26 \vendor\laravel\framework\src\Illuminate\Pipeline\Pipeline.php:183
#27 \app\Http\Middleware\CheckSchoolStatus.php:107
#28 \vendor\laravel\framework\src\Illuminate\Pipeline\Pipeline.php:183
#29 \app\Http\Middleware\CheckRole.php:38
#30 \vendor\laravel\framework\src\Illuminate\Pipeline\Pipeline.php:183
#31 \app\Http\Middleware\WizardSettings.php:29
#32 \vendor\laravel\framework\src\Illuminate\Pipeline\Pipeline.php:183
#33 \app\Http\Middleware\LanguageManager.php:61
#34 \vendor\laravel\framework\src\Illuminate\Pipeline\Pipeline.php:183
#35 \app\Http\Middleware\DemoMiddleware.php:68
#36 \vendor\laravel\framework\src\Illuminate\Pipeline\Pipeline.php:183
#37 \vendor\laravel\framework\src\Illuminate\Routing\Middleware\SubstituteBindings.php:50
#38 \vendor\laravel\framework\src\Illuminate\Pipeline\Pipeline.php:183
#39 \vendor\laravel\framework\src\Illuminate\Foundation\Http\Middleware\VerifyCsrfToken.php:78
#40 \vendor\laravel\framework\src\Illuminate\Pipeline\Pipeline.php:183
#41 \vendor\laravel\framework\src\Illuminate\View\Middleware\ShareErrorsFromSession.php:49
#42 \vendor\laravel\framework\src\Illuminate\Pipeline\Pipeline.php:183
#43 \vendor\laravel\framework\src\Illuminate\Session\Middleware\StartSession.php:121
#44 \vendor\laravel\framework\src\Illuminate\Session\Middleware\StartSession.php:64
#45 \vendor\laravel\framework\src\Illuminate\Pipeline\Pipeline.php:183
#46 \vendor\laravel\framework\src\Illuminate\Cookie\Middleware\AddQueuedCookiesToResponse.php:37
#47 \vendor\laravel\framework\src\Illuminate\Pipeline\Pipeline.php:183
#48 \vendor\laravel\framework\src\Illuminate\Cookie\Middleware\EncryptCookies.php:67
#49 \vendor\laravel\framework\src\Illuminate\Pipeline\Pipeline.php:183
  
[2026-02-26 11:54:33] local.INFO: Detected N+1 Query  
[2026-02-26 11:54:33] local.INFO: Model: App\Models\User
Relation: Spatie\Permission\Models\Role
Num-Called: 2
Call-Stack:
#20 \vendor\spatie\laravel-permission\src\Traits\HasRoles.php:188
#21 \app\Http\Middleware\MustVerifyEmail.php:23
#22 \vendor\laravel\framework\src\Illuminate\Pipeline\Pipeline.php:183
#23 \app\Http\Middleware\SwitchDatabase.php:40
#24 \vendor\laravel\framework\src\Illuminate\Pipeline\Pipeline.php:183
#25 \app\Http\Middleware\Status.php:42
#26 \vendor\laravel\framework\src\Illuminate\Pipeline\Pipeline.php:183
#27 \app\Http\Middleware\CheckSchoolStatus.php:107
#28 \vendor\laravel\framework\src\Illuminate\Pipeline\Pipeline.php:183
#29 \app\Http\Middleware\CheckRole.php:38
#30 \vendor\laravel\framework\src\Illuminate\Pipeline\Pipeline.php:183
#31 \app\Http\Middleware\WizardSettings.php:29
#32 \vendor\laravel\framework\src\Illuminate\Pipeline\Pipeline.php:183
#33 \app\Http\Middleware\LanguageManager.php:61
#34 \vendor\laravel\framework\src\Illuminate\Pipeline\Pipeline.php:183
#35 \app\Http\Middleware\DemoMiddleware.php:68
#36 \vendor\laravel\framework\src\Illuminate\Pipeline\Pipeline.php:183
#37 \vendor\laravel\framework\src\Illuminate\Routing\Middleware\SubstituteBindings.php:50
#38 \vendor\laravel\framework\src\Illuminate\Pipeline\Pipeline.php:183
#39 \vendor\laravel\framework\src\Illuminate\Foundation\Http\Middleware\VerifyCsrfToken.php:78
#40 \vendor\laravel\framework\src\Illuminate\Pipeline\Pipeline.php:183
#41 \vendor\laravel\framework\src\Illuminate\View\Middleware\ShareErrorsFromSession.php:49
#42 \vendor\laravel\framework\src\Illuminate\Pipeline\Pipeline.php:183
#43 \vendor\laravel\framework\src\Illuminate\Session\Middleware\StartSession.php:121
#44 \vendor\laravel\framework\src\Illuminate\Session\Middleware\StartSession.php:64
#45 \vendor\laravel\framework\src\Illuminate\Pipeline\Pipeline.php:183
#46 \vendor\laravel\framework\src\Illuminate\Cookie\Middleware\AddQueuedCookiesToResponse.php:37
#47 \vendor\laravel\framework\src\Illuminate\Pipeline\Pipeline.php:183
#48 \vendor\laravel\framework\src\Illuminate\Cookie\Middleware\EncryptCookies.php:67
#49 \vendor\laravel\framework\src\Illuminate\Pipeline\Pipeline.php:183
  
[2026-02-26 12:37:04] local.INFO: Detected N+1 Query  
[2026-02-26 12:37:04] local.INFO: Model: App\Models\User
Relation: Spatie\Permission\Models\Role
Num-Called: 2
Call-Stack:
#20 \vendor\spatie\laravel-permission\src\Traits\HasRoles.php:188
#21 \app\Http\Middleware\MustVerifyEmail.php:23
#22 \vendor\laravel\framework\src\Illuminate\Pipeline\Pipeline.php:183
#23 \app\Http\Middleware\SwitchDatabase.php:40
#24 \vendor\laravel\framework\src\Illuminate\Pipeline\Pipeline.php:183
#25 \app\Http\Middleware\Status.php:42
#26 \vendor\laravel\framework\src\Illuminate\Pipeline\Pipeline.php:183
#27 \app\Http\Middleware\CheckSchoolStatus.php:107
#28 \vendor\laravel\framework\src\Illuminate\Pipeline\Pipeline.php:183
#29 \app\Http\Middleware\CheckRole.php:38
#30 \vendor\laravel\framework\src\Illuminate\Pipeline\Pipeline.php:183
#31 \app\Http\Middleware\WizardSettings.php:29
#32 \vendor\laravel\framework\src\Illuminate\Pipeline\Pipeline.php:183
#33 \app\Http\Middleware\LanguageManager.php:61
#34 \vendor\laravel\framework\src\Illuminate\Pipeline\Pipeline.php:183
#35 \app\Http\Middleware\DemoMiddleware.php:68
#36 \vendor\laravel\framework\src\Illuminate\Pipeline\Pipeline.php:183
#37 \vendor\laravel\framework\src\Illuminate\Routing\Middleware\SubstituteBindings.php:50
#38 \vendor\laravel\framework\src\Illuminate\Pipeline\Pipeline.php:183
#39 \vendor\laravel\framework\src\Illuminate\Foundation\Http\Middleware\VerifyCsrfToken.php:78
#40 \vendor\laravel\framework\src\Illuminate\Pipeline\Pipeline.php:183
#41 \vendor\laravel\framework\src\Illuminate\View\Middleware\ShareErrorsFromSession.php:49
#42 \vendor\laravel\framework\src\Illuminate\Pipeline\Pipeline.php:183
#43 \vendor\laravel\framework\src\Illuminate\Session\Middleware\StartSession.php:121
#44 \vendor\laravel\framework\src\Illuminate\Session\Middleware\StartSession.php:64
#45 \vendor\laravel\framework\src\Illuminate\Pipeline\Pipeline.php:183
#46 \vendor\laravel\framework\src\Illuminate\Cookie\Middleware\AddQueuedCookiesToResponse.php:37
#47 \vendor\laravel\framework\src\Illuminate\Pipeline\Pipeline.php:183
#48 \vendor\laravel\framework\src\Illuminate\Cookie\Middleware\EncryptCookies.php:67
#49 \vendor\laravel\framework\src\Illuminate\Pipeline\Pipeline.php:183
  
[2026-02-26 12:37:21] local.INFO: Detected N+1 Query  
[2026-02-26 12:37:21] local.INFO: Model: App\Models\User
Relation: Spatie\Permission\Models\Role
Num-Called: 2
Call-Stack:
#20 \vendor\spatie\laravel-permission\src\Traits\HasRoles.php:188
#21 \app\Http\Middleware\MustVerifyEmail.php:23
#22 \vendor\laravel\framework\src\Illuminate\Pipeline\Pipeline.php:183
#23 \app\Http\Middleware\SwitchDatabase.php:40
#24 \vendor\laravel\framework\src\Illuminate\Pipeline\Pipeline.php:183
#25 \app\Http\Middleware\Status.php:42
#26 \vendor\laravel\framework\src\Illuminate\Pipeline\Pipeline.php:183
#27 \app\Http\Middleware\CheckSchoolStatus.php:107
#28 \vendor\laravel\framework\src\Illuminate\Pipeline\Pipeline.php:183
#29 \app\Http\Middleware\CheckRole.php:38
#30 \vendor\laravel\framework\src\Illuminate\Pipeline\Pipeline.php:183
#31 \app\Http\Middleware\WizardSettings.php:29
#32 \vendor\laravel\framework\src\Illuminate\Pipeline\Pipeline.php:183
#33 \app\Http\Middleware\LanguageManager.php:61
#34 \vendor\laravel\framework\src\Illuminate\Pipeline\Pipeline.php:183
#35 \app\Http\Middleware\DemoMiddleware.php:68
#36 \vendor\laravel\framework\src\Illuminate\Pipeline\Pipeline.php:183
#37 \vendor\laravel\framework\src\Illuminate\Routing\Middleware\SubstituteBindings.php:50
#38 \vendor\laravel\framework\src\Illuminate\Pipeline\Pipeline.php:183
#39 \vendor\laravel\framework\src\Illuminate\Foundation\Http\Middleware\VerifyCsrfToken.php:78
#40 \vendor\laravel\framework\src\Illuminate\Pipeline\Pipeline.php:183
#41 \vendor\laravel\framework\src\Illuminate\View\Middleware\ShareErrorsFromSession.php:49
#42 \vendor\laravel\framework\src\Illuminate\Pipeline\Pipeline.php:183
#43 \vendor\laravel\framework\src\Illuminate\Session\Middleware\StartSession.php:121
#44 \vendor\laravel\framework\src\Illuminate\Session\Middleware\StartSession.php:64
#45 \vendor\laravel\framework\src\Illuminate\Pipeline\Pipeline.php:183
#46 \vendor\laravel\framework\src\Illuminate\Cookie\Middleware\AddQueuedCookiesToResponse.php:37
#47 \vendor\laravel\framework\src\Illuminate\Pipeline\Pipeline.php:183
#48 \vendor\laravel\framework\src\Illuminate\Cookie\Middleware\EncryptCookies.php:67
#49 \vendor\laravel\framework\src\Illuminate\Pipeline\Pipeline.php:183
  
[2026-02-26 12:37:22] local.INFO: Detected N+1 Query  
[2026-02-26 12:37:22] local.INFO: Model: App\Models\User
Relation: Spatie\Permission\Models\Role
Num-Called: 2
Call-Stack:
#20 \vendor\spatie\laravel-permission\src\Traits\HasRoles.php:188
#21 \app\Http\Middleware\MustVerifyEmail.php:23
#22 \vendor\laravel\framework\src\Illuminate\Pipeline\Pipeline.php:183
#23 \app\Http\Middleware\SwitchDatabase.php:40
#24 \vendor\laravel\framework\src\Illuminate\Pipeline\Pipeline.php:183
#25 \app\Http\Middleware\Status.php:42
#26 \vendor\laravel\framework\src\Illuminate\Pipeline\Pipeline.php:183
#27 \app\Http\Middleware\CheckSchoolStatus.php:107
#28 \vendor\laravel\framework\src\Illuminate\Pipeline\Pipeline.php:183
#29 \app\Http\Middleware\CheckRole.php:38
#30 \vendor\laravel\framework\src\Illuminate\Pipeline\Pipeline.php:183
#31 \app\Http\Middleware\WizardSettings.php:29
#32 \vendor\laravel\framework\src\Illuminate\Pipeline\Pipeline.php:183
#33 \app\Http\Middleware\LanguageManager.php:61
#34 \vendor\laravel\framework\src\Illuminate\Pipeline\Pipeline.php:183
#35 \app\Http\Middleware\DemoMiddleware.php:68
#36 \vendor\laravel\framework\src\Illuminate\Pipeline\Pipeline.php:183
#37 \vendor\laravel\framework\src\Illuminate\Routing\Middleware\SubstituteBindings.php:50
#38 \vendor\laravel\framework\src\Illuminate\Pipeline\Pipeline.php:183
#39 \vendor\laravel\framework\src\Illuminate\Foundation\Http\Middleware\VerifyCsrfToken.php:78
#40 \vendor\laravel\framework\src\Illuminate\Pipeline\Pipeline.php:183
#41 \vendor\laravel\framework\src\Illuminate\View\Middleware\ShareErrorsFromSession.php:49
#42 \vendor\laravel\framework\src\Illuminate\Pipeline\Pipeline.php:183
#43 \vendor\laravel\framework\src\Illuminate\Session\Middleware\StartSession.php:121
#44 \vendor\laravel\framework\src\Illuminate\Session\Middleware\StartSession.php:64
#45 \vendor\laravel\framework\src\Illuminate\Pipeline\Pipeline.php:183
#46 \vendor\laravel\framework\src\Illuminate\Cookie\Middleware\AddQueuedCookiesToResponse.php:37
#47 \vendor\laravel\framework\src\Illuminate\Pipeline\Pipeline.php:183
#48 \vendor\laravel\framework\src\Illuminate\Cookie\Middleware\EncryptCookies.php:67
#49 \vendor\laravel\framework\src\Illuminate\Pipeline\Pipeline.php:183
  
[2026-02-26 12:37:36] local.INFO: Detected N+1 Query  
[2026-02-26 12:37:36] local.INFO: Model: App\Models\User
Relation: Spatie\Permission\Models\Role
Num-Called: 2
Call-Stack:
#20 \vendor\spatie\laravel-permission\src\Traits\HasRoles.php:188
#21 \app\Http\Middleware\MustVerifyEmail.php:23
#22 \vendor\laravel\framework\src\Illuminate\Pipeline\Pipeline.php:183
#23 \app\Http\Middleware\SwitchDatabase.php:40
#24 \vendor\laravel\framework\src\Illuminate\Pipeline\Pipeline.php:183
#25 \app\Http\Middleware\Status.php:42
#26 \vendor\laravel\framework\src\Illuminate\Pipeline\Pipeline.php:183
#27 \app\Http\Middleware\CheckSchoolStatus.php:107
#28 \vendor\laravel\framework\src\Illuminate\Pipeline\Pipeline.php:183
#29 \app\Http\Middleware\CheckRole.php:38
#30 \vendor\laravel\framework\src\Illuminate\Pipeline\Pipeline.php:183
#31 \app\Http\Middleware\WizardSettings.php:29
#32 \vendor\laravel\framework\src\Illuminate\Pipeline\Pipeline.php:183
#33 \app\Http\Middleware\LanguageManager.php:61
#34 \vendor\laravel\framework\src\Illuminate\Pipeline\Pipeline.php:183
#35 \app\Http\Middleware\DemoMiddleware.php:68
#36 \vendor\laravel\framework\src\Illuminate\Pipeline\Pipeline.php:183
#37 \vendor\laravel\framework\src\Illuminate\Routing\Middleware\SubstituteBindings.php:50
#38 \vendor\laravel\framework\src\Illuminate\Pipeline\Pipeline.php:183
#39 \vendor\laravel\framework\src\Illuminate\Foundation\Http\Middleware\VerifyCsrfToken.php:78
#40 \vendor\laravel\framework\src\Illuminate\Pipeline\Pipeline.php:183
#41 \vendor\laravel\framework\src\Illuminate\View\Middleware\ShareErrorsFromSession.php:49
#42 \vendor\laravel\framework\src\Illuminate\Pipeline\Pipeline.php:183
#43 \vendor\laravel\framework\src\Illuminate\Session\Middleware\StartSession.php:121
#44 \vendor\laravel\framework\src\Illuminate\Session\Middleware\StartSession.php:64
#45 \vendor\laravel\framework\src\Illuminate\Pipeline\Pipeline.php:183
#46 \vendor\laravel\framework\src\Illuminate\Cookie\Middleware\AddQueuedCookiesToResponse.php:37
#47 \vendor\laravel\framework\src\Illuminate\Pipeline\Pipeline.php:183
#48 \vendor\laravel\framework\src\Illuminate\Cookie\Middleware\EncryptCookies.php:67
#49 \vendor\laravel\framework\src\Illuminate\Pipeline\Pipeline.php:183
  
[2026-02-26 12:37:38] local.INFO: Detected N+1 Query  
[2026-02-26 12:37:38] local.INFO: Model: App\Models\User
Relation: Spatie\Permission\Models\Role
Num-Called: 2
Call-Stack:
#20 \vendor\spatie\laravel-permission\src\Traits\HasRoles.php:188
#21 \app\Http\Middleware\MustVerifyEmail.php:23
#22 \vendor\laravel\framework\src\Illuminate\Pipeline\Pipeline.php:183
#23 \app\Http\Middleware\SwitchDatabase.php:40
#24 \vendor\laravel\framework\src\Illuminate\Pipeline\Pipeline.php:183
#25 \app\Http\Middleware\Status.php:42
#26 \vendor\laravel\framework\src\Illuminate\Pipeline\Pipeline.php:183
#27 \app\Http\Middleware\CheckSchoolStatus.php:107
#28 \vendor\laravel\framework\src\Illuminate\Pipeline\Pipeline.php:183
#29 \app\Http\Middleware\CheckRole.php:38
#30 \vendor\laravel\framework\src\Illuminate\Pipeline\Pipeline.php:183
#31 \app\Http\Middleware\WizardSettings.php:29
#32 \vendor\laravel\framework\src\Illuminate\Pipeline\Pipeline.php:183
#33 \app\Http\Middleware\LanguageManager.php:61
#34 \vendor\laravel\framework\src\Illuminate\Pipeline\Pipeline.php:183
#35 \app\Http\Middleware\DemoMiddleware.php:68
#36 \vendor\laravel\framework\src\Illuminate\Pipeline\Pipeline.php:183
#37 \vendor\laravel\framework\src\Illuminate\Routing\Middleware\SubstituteBindings.php:50
#38 \vendor\laravel\framework\src\Illuminate\Pipeline\Pipeline.php:183
#39 \vendor\laravel\framework\src\Illuminate\Foundation\Http\Middleware\VerifyCsrfToken.php:78
#40 \vendor\laravel\framework\src\Illuminate\Pipeline\Pipeline.php:183
#41 \vendor\laravel\framework\src\Illuminate\View\Middleware\ShareErrorsFromSession.php:49
#42 \vendor\laravel\framework\src\Illuminate\Pipeline\Pipeline.php:183
#43 \vendor\laravel\framework\src\Illuminate\Session\Middleware\StartSession.php:121
#44 \vendor\laravel\framework\src\Illuminate\Session\Middleware\StartSession.php:64
#45 \vendor\laravel\framework\src\Illuminate\Pipeline\Pipeline.php:183
#46 \vendor\laravel\framework\src\Illuminate\Cookie\Middleware\AddQueuedCookiesToResponse.php:37
#47 \vendor\laravel\framework\src\Illuminate\Pipeline\Pipeline.php:183
#48 \vendor\laravel\framework\src\Illuminate\Cookie\Middleware\EncryptCookies.php:67
#49 \vendor\laravel\framework\src\Illuminate\Pipeline\Pipeline.php:183
  
[2026-02-26 12:37:38] local.INFO: Detected N+1 Query  
[2026-02-26 12:37:38] local.INFO: Model: App\Models\User
Relation: Spatie\Permission\Models\Role
Num-Called: 2
Call-Stack:
#20 \vendor\spatie\laravel-permission\src\Traits\HasRoles.php:188
#21 \app\Http\Middleware\MustVerifyEmail.php:23
#22 \vendor\laravel\framework\src\Illuminate\Pipeline\Pipeline.php:183
#23 \app\Http\Middleware\SwitchDatabase.php:40
#24 \vendor\laravel\framework\src\Illuminate\Pipeline\Pipeline.php:183
#25 \app\Http\Middleware\Status.php:42
#26 \vendor\laravel\framework\src\Illuminate\Pipeline\Pipeline.php:183
#27 \app\Http\Middleware\CheckSchoolStatus.php:107
#28 \vendor\laravel\framework\src\Illuminate\Pipeline\Pipeline.php:183
#29 \app\Http\Middleware\CheckRole.php:38
#30 \vendor\laravel\framework\src\Illuminate\Pipeline\Pipeline.php:183
#31 \app\Http\Middleware\WizardSettings.php:29
#32 \vendor\laravel\framework\src\Illuminate\Pipeline\Pipeline.php:183
#33 \app\Http\Middleware\LanguageManager.php:61
#34 \vendor\laravel\framework\src\Illuminate\Pipeline\Pipeline.php:183
#35 \app\Http\Middleware\DemoMiddleware.php:68
#36 \vendor\laravel\framework\src\Illuminate\Pipeline\Pipeline.php:183
#37 \vendor\laravel\framework\src\Illuminate\Routing\Middleware\SubstituteBindings.php:50
#38 \vendor\laravel\framework\src\Illuminate\Pipeline\Pipeline.php:183
#39 \vendor\laravel\framework\src\Illuminate\Foundation\Http\Middleware\VerifyCsrfToken.php:78
#40 \vendor\laravel\framework\src\Illuminate\Pipeline\Pipeline.php:183
#41 \vendor\laravel\framework\src\Illuminate\View\Middleware\ShareErrorsFromSession.php:49
#42 \vendor\laravel\framework\src\Illuminate\Pipeline\Pipeline.php:183
#43 \vendor\laravel\framework\src\Illuminate\Session\Middleware\StartSession.php:121
#44 \vendor\laravel\framework\src\Illuminate\Session\Middleware\StartSession.php:64
#45 \vendor\laravel\framework\src\Illuminate\Pipeline\Pipeline.php:183
#46 \vendor\laravel\framework\src\Illuminate\Cookie\Middleware\AddQueuedCookiesToResponse.php:37
#47 \vendor\laravel\framework\src\Illuminate\Pipeline\Pipeline.php:183
#48 \vendor\laravel\framework\src\Illuminate\Cookie\Middleware\EncryptCookies.php:67
#49 \vendor\laravel\framework\src\Illuminate\Pipeline\Pipeline.php:183
  
[2026-02-26 12:37:39] local.INFO: Detected N+1 Query  
[2026-02-26 12:37:39] local.INFO: Model: App\Models\User
Relation: Spatie\Permission\Models\Role
Num-Called: 2
Call-Stack:
#20 \vendor\spatie\laravel-permission\src\Traits\HasRoles.php:188
#21 \app\Http\Middleware\MustVerifyEmail.php:23
#22 \vendor\laravel\framework\src\Illuminate\Pipeline\Pipeline.php:183
#23 \app\Http\Middleware\SwitchDatabase.php:40
#24 \vendor\laravel\framework\src\Illuminate\Pipeline\Pipeline.php:183
#25 \app\Http\Middleware\Status.php:42
#26 \vendor\laravel\framework\src\Illuminate\Pipeline\Pipeline.php:183
#27 \app\Http\Middleware\CheckSchoolStatus.php:107
#28 \vendor\laravel\framework\src\Illuminate\Pipeline\Pipeline.php:183
#29 \app\Http\Middleware\CheckRole.php:38
#30 \vendor\laravel\framework\src\Illuminate\Pipeline\Pipeline.php:183
#31 \app\Http\Middleware\WizardSettings.php:29
#32 \vendor\laravel\framework\src\Illuminate\Pipeline\Pipeline.php:183
#33 \app\Http\Middleware\LanguageManager.php:61
#34 \vendor\laravel\framework\src\Illuminate\Pipeline\Pipeline.php:183
#35 \app\Http\Middleware\DemoMiddleware.php:68
#36 \vendor\laravel\framework\src\Illuminate\Pipeline\Pipeline.php:183
#37 \vendor\laravel\framework\src\Illuminate\Routing\Middleware\SubstituteBindings.php:50
#38 \vendor\laravel\framework\src\Illuminate\Pipeline\Pipeline.php:183
#39 \vendor\laravel\framework\src\Illuminate\Foundation\Http\Middleware\VerifyCsrfToken.php:78
#40 \vendor\laravel\framework\src\Illuminate\Pipeline\Pipeline.php:183
#41 \vendor\laravel\framework\src\Illuminate\View\Middleware\ShareErrorsFromSession.php:49
#42 \vendor\laravel\framework\src\Illuminate\Pipeline\Pipeline.php:183
#43 \vendor\laravel\framework\src\Illuminate\Session\Middleware\StartSession.php:121
#44 \vendor\laravel\framework\src\Illuminate\Session\Middleware\StartSession.php:64
#45 \vendor\laravel\framework\src\Illuminate\Pipeline\Pipeline.php:183
#46 \vendor\laravel\framework\src\Illuminate\Cookie\Middleware\AddQueuedCookiesToResponse.php:37
#47 \vendor\laravel\framework\src\Illuminate\Pipeline\Pipeline.php:183
#48 \vendor\laravel\framework\src\Illuminate\Cookie\Middleware\EncryptCookies.php:67
#49 \vendor\laravel\framework\src\Illuminate\Pipeline\Pipeline.php:183
  
[2026-02-26 12:37:48] local.INFO: Detected N+1 Query  
[2026-02-26 12:37:48] local.INFO: Model: App\Models\User
Relation: Spatie\Permission\Models\Role
Num-Called: 2
Call-Stack:
#20 \vendor\spatie\laravel-permission\src\Traits\HasRoles.php:188
#21 \app\Http\Middleware\MustVerifyEmail.php:23
#22 \vendor\laravel\framework\src\Illuminate\Pipeline\Pipeline.php:183
#23 \app\Http\Middleware\SwitchDatabase.php:40
#24 \vendor\laravel\framework\src\Illuminate\Pipeline\Pipeline.php:183
#25 \app\Http\Middleware\Status.php:42
#26 \vendor\laravel\framework\src\Illuminate\Pipeline\Pipeline.php:183
#27 \app\Http\Middleware\CheckSchoolStatus.php:107
#28 \vendor\laravel\framework\src\Illuminate\Pipeline\Pipeline.php:183
#29 \app\Http\Middleware\CheckRole.php:38
#30 \vendor\laravel\framework\src\Illuminate\Pipeline\Pipeline.php:183
#31 \app\Http\Middleware\WizardSettings.php:29
#32 \vendor\laravel\framework\src\Illuminate\Pipeline\Pipeline.php:183
#33 \app\Http\Middleware\LanguageManager.php:61
#34 \vendor\laravel\framework\src\Illuminate\Pipeline\Pipeline.php:183
#35 \app\Http\Middleware\DemoMiddleware.php:68
#36 \vendor\laravel\framework\src\Illuminate\Pipeline\Pipeline.php:183
#37 \vendor\laravel\framework\src\Illuminate\Routing\Middleware\SubstituteBindings.php:50
#38 \vendor\laravel\framework\src\Illuminate\Pipeline\Pipeline.php:183
#39 \vendor\laravel\framework\src\Illuminate\Foundation\Http\Middleware\VerifyCsrfToken.php:78
#40 \vendor\laravel\framework\src\Illuminate\Pipeline\Pipeline.php:183
#41 \vendor\laravel\framework\src\Illuminate\View\Middleware\ShareErrorsFromSession.php:49
#42 \vendor\laravel\framework\src\Illuminate\Pipeline\Pipeline.php:183
#43 \vendor\laravel\framework\src\Illuminate\Session\Middleware\StartSession.php:121
#44 \vendor\laravel\framework\src\Illuminate\Session\Middleware\StartSession.php:64
#45 \vendor\laravel\framework\src\Illuminate\Pipeline\Pipeline.php:183
#46 \vendor\laravel\framework\src\Illuminate\Cookie\Middleware\AddQueuedCookiesToResponse.php:37
#47 \vendor\laravel\framework\src\Illuminate\Pipeline\Pipeline.php:183
#48 \vendor\laravel\framework\src\Illuminate\Cookie\Middleware\EncryptCookies.php:67
#49 \vendor\laravel\framework\src\Illuminate\Pipeline\Pipeline.php:183
  
[2026-02-26 12:37:50] local.INFO: Detected N+1 Query  
[2026-02-26 12:37:50] local.INFO: Model: App\Models\User
Relation: Spatie\Permission\Models\Role
Num-Called: 2
Call-Stack:
#20 \vendor\spatie\laravel-permission\src\Traits\HasRoles.php:188
#21 \app\Http\Middleware\MustVerifyEmail.php:23
#22 \vendor\laravel\framework\src\Illuminate\Pipeline\Pipeline.php:183
#23 \app\Http\Middleware\SwitchDatabase.php:40
#24 \vendor\laravel\framework\src\Illuminate\Pipeline\Pipeline.php:183
#25 \app\Http\Middleware\Status.php:42
#26 \vendor\laravel\framework\src\Illuminate\Pipeline\Pipeline.php:183
#27 \app\Http\Middleware\CheckSchoolStatus.php:107
#28 \vendor\laravel\framework\src\Illuminate\Pipeline\Pipeline.php:183
#29 \app\Http\Middleware\CheckRole.php:38
#30 \vendor\laravel\framework\src\Illuminate\Pipeline\Pipeline.php:183
#31 \app\Http\Middleware\WizardSettings.php:29
#32 \vendor\laravel\framework\src\Illuminate\Pipeline\Pipeline.php:183
#33 \app\Http\Middleware\LanguageManager.php:61
#34 \vendor\laravel\framework\src\Illuminate\Pipeline\Pipeline.php:183
#35 \app\Http\Middleware\DemoMiddleware.php:68
#36 \vendor\laravel\framework\src\Illuminate\Pipeline\Pipeline.php:183
#37 \vendor\laravel\framework\src\Illuminate\Routing\Middleware\SubstituteBindings.php:50
#38 \vendor\laravel\framework\src\Illuminate\Pipeline\Pipeline.php:183
#39 \vendor\laravel\framework\src\Illuminate\Foundation\Http\Middleware\VerifyCsrfToken.php:78
#40 \vendor\laravel\framework\src\Illuminate\Pipeline\Pipeline.php:183
#41 \vendor\laravel\framework\src\Illuminate\View\Middleware\ShareErrorsFromSession.php:49
#42 \vendor\laravel\framework\src\Illuminate\Pipeline\Pipeline.php:183
#43 \vendor\laravel\framework\src\Illuminate\Session\Middleware\StartSession.php:121
#44 \vendor\laravel\framework\src\Illuminate\Session\Middleware\StartSession.php:64
#45 \vendor\laravel\framework\src\Illuminate\Pipeline\Pipeline.php:183
#46 \vendor\laravel\framework\src\Illuminate\Cookie\Middleware\AddQueuedCookiesToResponse.php:37
#47 \vendor\laravel\framework\src\Illuminate\Pipeline\Pipeline.php:183
#48 \vendor\laravel\framework\src\Illuminate\Cookie\Middleware\EncryptCookies.php:67
#49 \vendor\laravel\framework\src\Illuminate\Pipeline\Pipeline.php:183
  
[2026-02-26 12:37:59] local.INFO: Detected N+1 Query  
[2026-02-26 12:37:59] local.INFO: Model: App\Models\User
Relation: Spatie\Permission\Models\Role
Num-Called: 2
Call-Stack:
#20 \vendor\spatie\laravel-permission\src\Traits\HasRoles.php:188
#21 \app\Http\Middleware\MustVerifyEmail.php:23
#22 \vendor\laravel\framework\src\Illuminate\Pipeline\Pipeline.php:183
#23 \app\Http\Middleware\SwitchDatabase.php:40
#24 \vendor\laravel\framework\src\Illuminate\Pipeline\Pipeline.php:183
#25 \app\Http\Middleware\Status.php:42
#26 \vendor\laravel\framework\src\Illuminate\Pipeline\Pipeline.php:183
#27 \app\Http\Middleware\CheckSchoolStatus.php:107
#28 \vendor\laravel\framework\src\Illuminate\Pipeline\Pipeline.php:183
#29 \app\Http\Middleware\CheckRole.php:38
#30 \vendor\laravel\framework\src\Illuminate\Pipeline\Pipeline.php:183
#31 \app\Http\Middleware\WizardSettings.php:29
#32 \vendor\laravel\framework\src\Illuminate\Pipeline\Pipeline.php:183
#33 \app\Http\Middleware\LanguageManager.php:61
#34 \vendor\laravel\framework\src\Illuminate\Pipeline\Pipeline.php:183
#35 \app\Http\Middleware\DemoMiddleware.php:68
#36 \vendor\laravel\framework\src\Illuminate\Pipeline\Pipeline.php:183
#37 \vendor\laravel\framework\src\Illuminate\Routing\Middleware\SubstituteBindings.php:50
#38 \vendor\laravel\framework\src\Illuminate\Pipeline\Pipeline.php:183
#39 \vendor\laravel\framework\src\Illuminate\Foundation\Http\Middleware\VerifyCsrfToken.php:78
#40 \vendor\laravel\framework\src\Illuminate\Pipeline\Pipeline.php:183
#41 \vendor\laravel\framework\src\Illuminate\View\Middleware\ShareErrorsFromSession.php:49
#42 \vendor\laravel\framework\src\Illuminate\Pipeline\Pipeline.php:183
#43 \vendor\laravel\framework\src\Illuminate\Session\Middleware\StartSession.php:121
#44 \vendor\laravel\framework\src\Illuminate\Session\Middleware\StartSession.php:64
#45 \vendor\laravel\framework\src\Illuminate\Pipeline\Pipeline.php:183
#46 \vendor\laravel\framework\src\Illuminate\Cookie\Middleware\AddQueuedCookiesToResponse.php:37
#47 \vendor\laravel\framework\src\Illuminate\Pipeline\Pipeline.php:183
#48 \vendor\laravel\framework\src\Illuminate\Cookie\Middleware\EncryptCookies.php:67
#49 \vendor\laravel\framework\src\Illuminate\Pipeline\Pipeline.php:183
  
[2026-02-26 12:38:05] local.INFO: Detected N+1 Query  
[2026-02-26 12:38:05] local.INFO: Model: App\Models\User
Relation: Spatie\Permission\Models\Role
Num-Called: 2
Call-Stack:
#20 \vendor\spatie\laravel-permission\src\Traits\HasRoles.php:188
#21 \app\Http\Middleware\MustVerifyEmail.php:23
#22 \vendor\laravel\framework\src\Illuminate\Pipeline\Pipeline.php:183
#23 \app\Http\Middleware\SwitchDatabase.php:40
#24 \vendor\laravel\framework\src\Illuminate\Pipeline\Pipeline.php:183
#25 \app\Http\Middleware\Status.php:42
#26 \vendor\laravel\framework\src\Illuminate\Pipeline\Pipeline.php:183
#27 \app\Http\Middleware\CheckSchoolStatus.php:107
#28 \vendor\laravel\framework\src\Illuminate\Pipeline\Pipeline.php:183
#29 \app\Http\Middleware\CheckRole.php:38
#30 \vendor\laravel\framework\src\Illuminate\Pipeline\Pipeline.php:183
#31 \app\Http\Middleware\WizardSettings.php:29
#32 \vendor\laravel\framework\src\Illuminate\Pipeline\Pipeline.php:183
#33 \app\Http\Middleware\LanguageManager.php:61
#34 \vendor\laravel\framework\src\Illuminate\Pipeline\Pipeline.php:183
#35 \app\Http\Middleware\DemoMiddleware.php:68
#36 \vendor\laravel\framework\src\Illuminate\Pipeline\Pipeline.php:183
#37 \vendor\laravel\framework\src\Illuminate\Routing\Middleware\SubstituteBindings.php:50
#38 \vendor\laravel\framework\src\Illuminate\Pipeline\Pipeline.php:183
#39 \vendor\laravel\framework\src\Illuminate\Foundation\Http\Middleware\VerifyCsrfToken.php:78
#40 \vendor\laravel\framework\src\Illuminate\Pipeline\Pipeline.php:183
#41 \vendor\laravel\framework\src\Illuminate\View\Middleware\ShareErrorsFromSession.php:49
#42 \vendor\laravel\framework\src\Illuminate\Pipeline\Pipeline.php:183
#43 \vendor\laravel\framework\src\Illuminate\Session\Middleware\StartSession.php:121
#44 \vendor\laravel\framework\src\Illuminate\Session\Middleware\StartSession.php:64
#45 \vendor\laravel\framework\src\Illuminate\Pipeline\Pipeline.php:183
#46 \vendor\laravel\framework\src\Illuminate\Cookie\Middleware\AddQueuedCookiesToResponse.php:37
#47 \vendor\laravel\framework\src\Illuminate\Pipeline\Pipeline.php:183
#48 \vendor\laravel\framework\src\Illuminate\Cookie\Middleware\EncryptCookies.php:67
#49 \vendor\laravel\framework\src\Illuminate\Pipeline\Pipeline.php:183
  
[2026-02-26 12:38:07] local.INFO: Detected N+1 Query  
[2026-02-26 12:38:07] local.INFO: Model: App\Models\User
Relation: Spatie\Permission\Models\Role
Num-Called: 2
Call-Stack:
#20 \vendor\spatie\laravel-permission\src\Traits\HasRoles.php:188
#21 \app\Http\Middleware\MustVerifyEmail.php:23
#22 \vendor\laravel\framework\src\Illuminate\Pipeline\Pipeline.php:183
#23 \app\Http\Middleware\SwitchDatabase.php:40
#24 \vendor\laravel\framework\src\Illuminate\Pipeline\Pipeline.php:183
#25 \app\Http\Middleware\Status.php:42
#26 \vendor\laravel\framework\src\Illuminate\Pipeline\Pipeline.php:183
#27 \app\Http\Middleware\CheckSchoolStatus.php:107
#28 \vendor\laravel\framework\src\Illuminate\Pipeline\Pipeline.php:183
#29 \app\Http\Middleware\CheckRole.php:38
#30 \vendor\laravel\framework\src\Illuminate\Pipeline\Pipeline.php:183
#31 \app\Http\Middleware\WizardSettings.php:29
#32 \vendor\laravel\framework\src\Illuminate\Pipeline\Pipeline.php:183
#33 \app\Http\Middleware\LanguageManager.php:61
#34 \vendor\laravel\framework\src\Illuminate\Pipeline\Pipeline.php:183
#35 \app\Http\Middleware\DemoMiddleware.php:68
#36 \vendor\laravel\framework\src\Illuminate\Pipeline\Pipeline.php:183
#37 \vendor\laravel\framework\src\Illuminate\Routing\Middleware\SubstituteBindings.php:50
#38 \vendor\laravel\framework\src\Illuminate\Pipeline\Pipeline.php:183
#39 \vendor\laravel\framework\src\Illuminate\Foundation\Http\Middleware\VerifyCsrfToken.php:78
#40 \vendor\laravel\framework\src\Illuminate\Pipeline\Pipeline.php:183
#41 \vendor\laravel\framework\src\Illuminate\View\Middleware\ShareErrorsFromSession.php:49
#42 \vendor\laravel\framework\src\Illuminate\Pipeline\Pipeline.php:183
#43 \vendor\laravel\framework\src\Illuminate\Session\Middleware\StartSession.php:121
#44 \vendor\laravel\framework\src\Illuminate\Session\Middleware\StartSession.php:64
#45 \vendor\laravel\framework\src\Illuminate\Pipeline\Pipeline.php:183
#46 \vendor\laravel\framework\src\Illuminate\Cookie\Middleware\AddQueuedCookiesToResponse.php:37
#47 \vendor\laravel\framework\src\Illuminate\Pipeline\Pipeline.php:183
#48 \vendor\laravel\framework\src\Illuminate\Cookie\Middleware\EncryptCookies.php:67
#49 \vendor\laravel\framework\src\Illuminate\Pipeline\Pipeline.php:183
  
[2026-02-26 12:38:47] local.INFO: Detected N+1 Query  
[2026-02-26 12:38:47] local.INFO: Model: App\Models\User
Relation: Spatie\Permission\Models\Role
Num-Called: 2
Call-Stack:
#20 \vendor\spatie\laravel-permission\src\Traits\HasRoles.php:188
#21 \app\Http\Middleware\MustVerifyEmail.php:23
#22 \vendor\laravel\framework\src\Illuminate\Pipeline\Pipeline.php:183
#23 \app\Http\Middleware\SwitchDatabase.php:40
#24 \vendor\laravel\framework\src\Illuminate\Pipeline\Pipeline.php:183
#25 \app\Http\Middleware\Status.php:42
#26 \vendor\laravel\framework\src\Illuminate\Pipeline\Pipeline.php:183
#27 \app\Http\Middleware\CheckSchoolStatus.php:107
#28 \vendor\laravel\framework\src\Illuminate\Pipeline\Pipeline.php:183
#29 \app\Http\Middleware\CheckRole.php:38
#30 \vendor\laravel\framework\src\Illuminate\Pipeline\Pipeline.php:183
#31 \app\Http\Middleware\WizardSettings.php:29
#32 \vendor\laravel\framework\src\Illuminate\Pipeline\Pipeline.php:183
#33 \app\Http\Middleware\LanguageManager.php:61
#34 \vendor\laravel\framework\src\Illuminate\Pipeline\Pipeline.php:183
#35 \app\Http\Middleware\DemoMiddleware.php:68
#36 \vendor\laravel\framework\src\Illuminate\Pipeline\Pipeline.php:183
#37 \vendor\laravel\framework\src\Illuminate\Routing\Middleware\SubstituteBindings.php:50
#38 \vendor\laravel\framework\src\Illuminate\Pipeline\Pipeline.php:183
#39 \vendor\laravel\framework\src\Illuminate\Foundation\Http\Middleware\VerifyCsrfToken.php:78
#40 \vendor\laravel\framework\src\Illuminate\Pipeline\Pipeline.php:183
#41 \vendor\laravel\framework\src\Illuminate\View\Middleware\ShareErrorsFromSession.php:49
#42 \vendor\laravel\framework\src\Illuminate\Pipeline\Pipeline.php:183
#43 \vendor\laravel\framework\src\Illuminate\Session\Middleware\StartSession.php:121
#44 \vendor\laravel\framework\src\Illuminate\Session\Middleware\StartSession.php:64
#45 \vendor\laravel\framework\src\Illuminate\Pipeline\Pipeline.php:183
#46 \vendor\laravel\framework\src\Illuminate\Cookie\Middleware\AddQueuedCookiesToResponse.php:37
#47 \vendor\laravel\framework\src\Illuminate\Pipeline\Pipeline.php:183
#48 \vendor\laravel\framework\src\Illuminate\Cookie\Middleware\EncryptCookies.php:67
#49 \vendor\laravel\framework\src\Illuminate\Pipeline\Pipeline.php:183
  
[2026-02-26 12:38:47] local.INFO: Detected N+1 Query  
[2026-02-26 12:38:47] local.INFO: Model: App\Models\User
Relation: Spatie\Permission\Models\Role
Num-Called: 2
Call-Stack:
#20 \vendor\spatie\laravel-permission\src\Traits\HasRoles.php:188
#21 \app\Http\Middleware\MustVerifyEmail.php:23
#22 \vendor\laravel\framework\src\Illuminate\Pipeline\Pipeline.php:183
#23 \app\Http\Middleware\SwitchDatabase.php:40
#24 \vendor\laravel\framework\src\Illuminate\Pipeline\Pipeline.php:183
#25 \app\Http\Middleware\Status.php:42
#26 \vendor\laravel\framework\src\Illuminate\Pipeline\Pipeline.php:183
#27 \app\Http\Middleware\CheckSchoolStatus.php:107
#28 \vendor\laravel\framework\src\Illuminate\Pipeline\Pipeline.php:183
#29 \app\Http\Middleware\CheckRole.php:38
#30 \vendor\laravel\framework\src\Illuminate\Pipeline\Pipeline.php:183
#31 \app\Http\Middleware\WizardSettings.php:29
#32 \vendor\laravel\framework\src\Illuminate\Pipeline\Pipeline.php:183
#33 \app\Http\Middleware\LanguageManager.php:61
#34 \vendor\laravel\framework\src\Illuminate\Pipeline\Pipeline.php:183
#35 \app\Http\Middleware\DemoMiddleware.php:68
#36 \vendor\laravel\framework\src\Illuminate\Pipeline\Pipeline.php:183
#37 \vendor\laravel\framework\src\Illuminate\Routing\Middleware\SubstituteBindings.php:50
#38 \vendor\laravel\framework\src\Illuminate\Pipeline\Pipeline.php:183
#39 \vendor\laravel\framework\src\Illuminate\Foundation\Http\Middleware\VerifyCsrfToken.php:78
#40 \vendor\laravel\framework\src\Illuminate\Pipeline\Pipeline.php:183
#41 \vendor\laravel\framework\src\Illuminate\View\Middleware\ShareErrorsFromSession.php:49
#42 \vendor\laravel\framework\src\Illuminate\Pipeline\Pipeline.php:183
#43 \vendor\laravel\framework\src\Illuminate\Session\Middleware\StartSession.php:121
#44 \vendor\laravel\framework\src\Illuminate\Session\Middleware\StartSession.php:64
#45 \vendor\laravel\framework\src\Illuminate\Pipeline\Pipeline.php:183
#46 \vendor\laravel\framework\src\Illuminate\Cookie\Middleware\AddQueuedCookiesToResponse.php:37
#47 \vendor\laravel\framework\src\Illuminate\Pipeline\Pipeline.php:183
#48 \vendor\laravel\framework\src\Illuminate\Cookie\Middleware\EncryptCookies.php:67
#49 \vendor\laravel\framework\src\Illuminate\Pipeline\Pipeline.php:183
  
[2026-02-26 12:38:58] local.INFO: Detected N+1 Query  
[2026-02-26 12:38:58] local.INFO: Model: App\Models\User
Relation: Spatie\Permission\Models\Role
Num-Called: 2
Call-Stack:
#20 \vendor\spatie\laravel-permission\src\Traits\HasRoles.php:188
#21 \app\Http\Middleware\MustVerifyEmail.php:23
#22 \vendor\laravel\framework\src\Illuminate\Pipeline\Pipeline.php:183
#23 \app\Http\Middleware\SwitchDatabase.php:40
#24 \vendor\laravel\framework\src\Illuminate\Pipeline\Pipeline.php:183
#25 \app\Http\Middleware\Status.php:42
#26 \vendor\laravel\framework\src\Illuminate\Pipeline\Pipeline.php:183
#27 \app\Http\Middleware\CheckSchoolStatus.php:107
#28 \vendor\laravel\framework\src\Illuminate\Pipeline\Pipeline.php:183
#29 \app\Http\Middleware\CheckRole.php:38
#30 \vendor\laravel\framework\src\Illuminate\Pipeline\Pipeline.php:183
#31 \app\Http\Middleware\WizardSettings.php:29
#32 \vendor\laravel\framework\src\Illuminate\Pipeline\Pipeline.php:183
#33 \app\Http\Middleware\LanguageManager.php:61
#34 \vendor\laravel\framework\src\Illuminate\Pipeline\Pipeline.php:183
#35 \app\Http\Middleware\DemoMiddleware.php:68
#36 \vendor\laravel\framework\src\Illuminate\Pipeline\Pipeline.php:183
#37 \vendor\laravel\framework\src\Illuminate\Routing\Middleware\SubstituteBindings.php:50
#38 \vendor\laravel\framework\src\Illuminate\Pipeline\Pipeline.php:183
#39 \vendor\laravel\framework\src\Illuminate\Foundation\Http\Middleware\VerifyCsrfToken.php:78
#40 \vendor\laravel\framework\src\Illuminate\Pipeline\Pipeline.php:183
#41 \vendor\laravel\framework\src\Illuminate\View\Middleware\ShareErrorsFromSession.php:49
#42 \vendor\laravel\framework\src\Illuminate\Pipeline\Pipeline.php:183
#43 \vendor\laravel\framework\src\Illuminate\Session\Middleware\StartSession.php:121
#44 \vendor\laravel\framework\src\Illuminate\Session\Middleware\StartSession.php:64
#45 \vendor\laravel\framework\src\Illuminate\Pipeline\Pipeline.php:183
#46 \vendor\laravel\framework\src\Illuminate\Cookie\Middleware\AddQueuedCookiesToResponse.php:37
#47 \vendor\laravel\framework\src\Illuminate\Pipeline\Pipeline.php:183
#48 \vendor\laravel\framework\src\Illuminate\Cookie\Middleware\EncryptCookies.php:67
#49 \vendor\laravel\framework\src\Illuminate\Pipeline\Pipeline.php:183
  
[2026-02-26 12:39:52] local.INFO: Detected N+1 Query  
[2026-02-26 12:39:52] local.INFO: Model: App\Models\User
Relation: Spatie\Permission\Models\Role
Num-Called: 2
Call-Stack:
#20 \vendor\spatie\laravel-permission\src\Traits\HasRoles.php:188
#21 \app\Http\Middleware\MustVerifyEmail.php:23
#22 \vendor\laravel\framework\src\Illuminate\Pipeline\Pipeline.php:183
#23 \app\Http\Middleware\SwitchDatabase.php:40
#24 \vendor\laravel\framework\src\Illuminate\Pipeline\Pipeline.php:183
#25 \app\Http\Middleware\Status.php:42
#26 \vendor\laravel\framework\src\Illuminate\Pipeline\Pipeline.php:183
#27 \app\Http\Middleware\CheckSchoolStatus.php:107
#28 \vendor\laravel\framework\src\Illuminate\Pipeline\Pipeline.php:183
#29 \app\Http\Middleware\CheckRole.php:38
#30 \vendor\laravel\framework\src\Illuminate\Pipeline\Pipeline.php:183
#31 \app\Http\Middleware\WizardSettings.php:29
#32 \vendor\laravel\framework\src\Illuminate\Pipeline\Pipeline.php:183
#33 \app\Http\Middleware\LanguageManager.php:61
#34 \vendor\laravel\framework\src\Illuminate\Pipeline\Pipeline.php:183
#35 \app\Http\Middleware\DemoMiddleware.php:68
#36 \vendor\laravel\framework\src\Illuminate\Pipeline\Pipeline.php:183
#37 \vendor\laravel\framework\src\Illuminate\Routing\Middleware\SubstituteBindings.php:50
#38 \vendor\laravel\framework\src\Illuminate\Pipeline\Pipeline.php:183
#39 \vendor\laravel\framework\src\Illuminate\Foundation\Http\Middleware\VerifyCsrfToken.php:78
#40 \vendor\laravel\framework\src\Illuminate\Pipeline\Pipeline.php:183
#41 \vendor\laravel\framework\src\Illuminate\View\Middleware\ShareErrorsFromSession.php:49
#42 \vendor\laravel\framework\src\Illuminate\Pipeline\Pipeline.php:183
#43 \vendor\laravel\framework\src\Illuminate\Session\Middleware\StartSession.php:121
#44 \vendor\laravel\framework\src\Illuminate\Session\Middleware\StartSession.php:64
#45 \vendor\laravel\framework\src\Illuminate\Pipeline\Pipeline.php:183
#46 \vendor\laravel\framework\src\Illuminate\Cookie\Middleware\AddQueuedCookiesToResponse.php:37
#47 \vendor\laravel\framework\src\Illuminate\Pipeline\Pipeline.php:183
#48 \vendor\laravel\framework\src\Illuminate\Cookie\Middleware\EncryptCookies.php:67
#49 \vendor\laravel\framework\src\Illuminate\Pipeline\Pipeline.php:183
  
[2026-02-26 12:54:58] local.INFO: Detected N+1 Query  
[2026-02-26 12:54:58] local.INFO: Model: App\Models\User
Relation: Spatie\Permission\Models\Role
Num-Called: 2
Call-Stack:
#20 \vendor\spatie\laravel-permission\src\Traits\HasRoles.php:188
#21 \app\Http\Middleware\MustVerifyEmail.php:23
#22 \vendor\laravel\framework\src\Illuminate\Pipeline\Pipeline.php:183
#23 \app\Http\Middleware\SwitchDatabase.php:40
#24 \vendor\laravel\framework\src\Illuminate\Pipeline\Pipeline.php:183
#25 \app\Http\Middleware\Status.php:42
#26 \vendor\laravel\framework\src\Illuminate\Pipeline\Pipeline.php:183
#27 \app\Http\Middleware\CheckSchoolStatus.php:107
#28 \vendor\laravel\framework\src\Illuminate\Pipeline\Pipeline.php:183
#29 \app\Http\Middleware\CheckRole.php:38
#30 \vendor\laravel\framework\src\Illuminate\Pipeline\Pipeline.php:183
#31 \app\Http\Middleware\WizardSettings.php:29
#32 \vendor\laravel\framework\src\Illuminate\Pipeline\Pipeline.php:183
#33 \app\Http\Middleware\LanguageManager.php:61
#34 \vendor\laravel\framework\src\Illuminate\Pipeline\Pipeline.php:183
#35 \app\Http\Middleware\DemoMiddleware.php:68
#36 \vendor\laravel\framework\src\Illuminate\Pipeline\Pipeline.php:183
#37 \vendor\laravel\framework\src\Illuminate\Routing\Middleware\SubstituteBindings.php:50
#38 \vendor\laravel\framework\src\Illuminate\Pipeline\Pipeline.php:183
#39 \vendor\laravel\framework\src\Illuminate\Foundation\Http\Middleware\VerifyCsrfToken.php:78
#40 \vendor\laravel\framework\src\Illuminate\Pipeline\Pipeline.php:183
#41 \vendor\laravel\framework\src\Illuminate\View\Middleware\ShareErrorsFromSession.php:49
#42 \vendor\laravel\framework\src\Illuminate\Pipeline\Pipeline.php:183
#43 \vendor\laravel\framework\src\Illuminate\Session\Middleware\StartSession.php:121
#44 \vendor\laravel\framework\src\Illuminate\Session\Middleware\StartSession.php:64
#45 \vendor\laravel\framework\src\Illuminate\Pipeline\Pipeline.php:183
#46 \vendor\laravel\framework\src\Illuminate\Cookie\Middleware\AddQueuedCookiesToResponse.php:37
#47 \vendor\laravel\framework\src\Illuminate\Pipeline\Pipeline.php:183
#48 \vendor\laravel\framework\src\Illuminate\Cookie\Middleware\EncryptCookies.php:67
#49 \vendor\laravel\framework\src\Illuminate\Pipeline\Pipeline.php:183
  
[2026-02-26 12:55:03] local.INFO: Detected N+1 Query  
[2026-02-26 12:55:03] local.INFO: Model: App\Models\User
Relation: Spatie\Permission\Models\Role
Num-Called: 2
Call-Stack:
#20 \vendor\spatie\laravel-permission\src\Traits\HasRoles.php:188
#21 \app\Http\Middleware\MustVerifyEmail.php:23
#22 \vendor\laravel\framework\src\Illuminate\Pipeline\Pipeline.php:183
#23 \app\Http\Middleware\SwitchDatabase.php:40
#24 \vendor\laravel\framework\src\Illuminate\Pipeline\Pipeline.php:183
#25 \app\Http\Middleware\Status.php:42
#26 \vendor\laravel\framework\src\Illuminate\Pipeline\Pipeline.php:183
#27 \app\Http\Middleware\CheckSchoolStatus.php:107
#28 \vendor\laravel\framework\src\Illuminate\Pipeline\Pipeline.php:183
#29 \app\Http\Middleware\CheckRole.php:38
#30 \vendor\laravel\framework\src\Illuminate\Pipeline\Pipeline.php:183
#31 \app\Http\Middleware\WizardSettings.php:29
#32 \vendor\laravel\framework\src\Illuminate\Pipeline\Pipeline.php:183
#33 \app\Http\Middleware\LanguageManager.php:61
#34 \vendor\laravel\framework\src\Illuminate\Pipeline\Pipeline.php:183
#35 \app\Http\Middleware\DemoMiddleware.php:68
#36 \vendor\laravel\framework\src\Illuminate\Pipeline\Pipeline.php:183
#37 \vendor\laravel\framework\src\Illuminate\Routing\Middleware\SubstituteBindings.php:50
#38 \vendor\laravel\framework\src\Illuminate\Pipeline\Pipeline.php:183
#39 \vendor\laravel\framework\src\Illuminate\Foundation\Http\Middleware\VerifyCsrfToken.php:78
#40 \vendor\laravel\framework\src\Illuminate\Pipeline\Pipeline.php:183
#41 \vendor\laravel\framework\src\Illuminate\View\Middleware\ShareErrorsFromSession.php:49
#42 \vendor\laravel\framework\src\Illuminate\Pipeline\Pipeline.php:183
#43 \vendor\laravel\framework\src\Illuminate\Session\Middleware\StartSession.php:121
#44 \vendor\laravel\framework\src\Illuminate\Session\Middleware\StartSession.php:64
#45 \vendor\laravel\framework\src\Illuminate\Pipeline\Pipeline.php:183
#46 \vendor\laravel\framework\src\Illuminate\Cookie\Middleware\AddQueuedCookiesToResponse.php:37
#47 \vendor\laravel\framework\src\Illuminate\Pipeline\Pipeline.php:183
#48 \vendor\laravel\framework\src\Illuminate\Cookie\Middleware\EncryptCookies.php:67
#49 \vendor\laravel\framework\src\Illuminate\Pipeline\Pipeline.php:183
  
[2026-02-26 12:55:28] local.INFO: Detected N+1 Query  
[2026-02-26 12:55:28] local.INFO: Model: App\Models\User
Relation: Spatie\Permission\Models\Role
Num-Called: 2
Call-Stack:
#20 \vendor\spatie\laravel-permission\src\Traits\HasRoles.php:188
#21 \app\Http\Middleware\MustVerifyEmail.php:23
#22 \vendor\laravel\framework\src\Illuminate\Pipeline\Pipeline.php:183
#23 \app\Http\Middleware\SwitchDatabase.php:40
#24 \vendor\laravel\framework\src\Illuminate\Pipeline\Pipeline.php:183
#25 \app\Http\Middleware\Status.php:42
#26 \vendor\laravel\framework\src\Illuminate\Pipeline\Pipeline.php:183
#27 \app\Http\Middleware\CheckSchoolStatus.php:107
#28 \vendor\laravel\framework\src\Illuminate\Pipeline\Pipeline.php:183
#29 \app\Http\Middleware\CheckRole.php:38
#30 \vendor\laravel\framework\src\Illuminate\Pipeline\Pipeline.php:183
#31 \app\Http\Middleware\WizardSettings.php:29
#32 \vendor\laravel\framework\src\Illuminate\Pipeline\Pipeline.php:183
#33 \app\Http\Middleware\LanguageManager.php:61
#34 \vendor\laravel\framework\src\Illuminate\Pipeline\Pipeline.php:183
#35 \app\Http\Middleware\DemoMiddleware.php:68
#36 \vendor\laravel\framework\src\Illuminate\Pipeline\Pipeline.php:183
#37 \vendor\laravel\framework\src\Illuminate\Routing\Middleware\SubstituteBindings.php:50
#38 \vendor\laravel\framework\src\Illuminate\Pipeline\Pipeline.php:183
#39 \vendor\laravel\framework\src\Illuminate\Foundation\Http\Middleware\VerifyCsrfToken.php:78
#40 \vendor\laravel\framework\src\Illuminate\Pipeline\Pipeline.php:183
#41 \vendor\laravel\framework\src\Illuminate\View\Middleware\ShareErrorsFromSession.php:49
#42 \vendor\laravel\framework\src\Illuminate\Pipeline\Pipeline.php:183
#43 \vendor\laravel\framework\src\Illuminate\Session\Middleware\StartSession.php:121
#44 \vendor\laravel\framework\src\Illuminate\Session\Middleware\StartSession.php:64
#45 \vendor\laravel\framework\src\Illuminate\Pipeline\Pipeline.php:183
#46 \vendor\laravel\framework\src\Illuminate\Cookie\Middleware\AddQueuedCookiesToResponse.php:37
#47 \vendor\laravel\framework\src\Illuminate\Pipeline\Pipeline.php:183
#48 \vendor\laravel\framework\src\Illuminate\Cookie\Middleware\EncryptCookies.php:67
#49 \vendor\laravel\framework\src\Illuminate\Pipeline\Pipeline.php:183
  
[2026-02-26 12:55:33] local.INFO: Detected N+1 Query  
[2026-02-26 12:55:33] local.INFO: Model: App\Models\User
Relation: Spatie\Permission\Models\Role
Num-Called: 2
Call-Stack:
#20 \vendor\spatie\laravel-permission\src\Traits\HasRoles.php:188
#21 \app\Http\Middleware\MustVerifyEmail.php:23
#22 \vendor\laravel\framework\src\Illuminate\Pipeline\Pipeline.php:183
#23 \app\Http\Middleware\SwitchDatabase.php:40
#24 \vendor\laravel\framework\src\Illuminate\Pipeline\Pipeline.php:183
#25 \app\Http\Middleware\Status.php:42
#26 \vendor\laravel\framework\src\Illuminate\Pipeline\Pipeline.php:183
#27 \app\Http\Middleware\CheckSchoolStatus.php:107
#28 \vendor\laravel\framework\src\Illuminate\Pipeline\Pipeline.php:183
#29 \app\Http\Middleware\CheckRole.php:38
#30 \vendor\laravel\framework\src\Illuminate\Pipeline\Pipeline.php:183
#31 \app\Http\Middleware\WizardSettings.php:29
#32 \vendor\laravel\framework\src\Illuminate\Pipeline\Pipeline.php:183
#33 \app\Http\Middleware\LanguageManager.php:61
#34 \vendor\laravel\framework\src\Illuminate\Pipeline\Pipeline.php:183
#35 \app\Http\Middleware\DemoMiddleware.php:68
#36 \vendor\laravel\framework\src\Illuminate\Pipeline\Pipeline.php:183
#37 \vendor\laravel\framework\src\Illuminate\Routing\Middleware\SubstituteBindings.php:50
#38 \vendor\laravel\framework\src\Illuminate\Pipeline\Pipeline.php:183
#39 \vendor\laravel\framework\src\Illuminate\Foundation\Http\Middleware\VerifyCsrfToken.php:78
#40 \vendor\laravel\framework\src\Illuminate\Pipeline\Pipeline.php:183
#41 \vendor\laravel\framework\src\Illuminate\View\Middleware\ShareErrorsFromSession.php:49
#42 \vendor\laravel\framework\src\Illuminate\Pipeline\Pipeline.php:183
#43 \vendor\laravel\framework\src\Illuminate\Session\Middleware\StartSession.php:121
#44 \vendor\laravel\framework\src\Illuminate\Session\Middleware\StartSession.php:64
#45 \vendor\laravel\framework\src\Illuminate\Pipeline\Pipeline.php:183
#46 \vendor\laravel\framework\src\Illuminate\Cookie\Middleware\AddQueuedCookiesToResponse.php:37
#47 \vendor\laravel\framework\src\Illuminate\Pipeline\Pipeline.php:183
#48 \vendor\laravel\framework\src\Illuminate\Cookie\Middleware\EncryptCookies.php:67
#49 \vendor\laravel\framework\src\Illuminate\Pipeline\Pipeline.php:183
  
[2026-02-26 17:10:19] local.INFO: Detected N+1 Query  
[2026-02-26 17:10:19] local.INFO: Model: App\Models\User
Relation: Spatie\Permission\Models\Role
Num-Called: 2
Call-Stack:
#20 \vendor\spatie\laravel-permission\src\Traits\HasRoles.php:188
#21 \app\Http\Middleware\MustVerifyEmail.php:23
#22 \vendor\laravel\framework\src\Illuminate\Pipeline\Pipeline.php:183
#23 \app\Http\Middleware\SwitchDatabase.php:40
#24 \vendor\laravel\framework\src\Illuminate\Pipeline\Pipeline.php:183
#25 \app\Http\Middleware\Status.php:42
#26 \vendor\laravel\framework\src\Illuminate\Pipeline\Pipeline.php:183
#27 \app\Http\Middleware\CheckSchoolStatus.php:107
#28 \vendor\laravel\framework\src\Illuminate\Pipeline\Pipeline.php:183
#29 \app\Http\Middleware\CheckRole.php:38
#30 \vendor\laravel\framework\src\Illuminate\Pipeline\Pipeline.php:183
#31 \app\Http\Middleware\WizardSettings.php:29
#32 \vendor\laravel\framework\src\Illuminate\Pipeline\Pipeline.php:183
#33 \app\Http\Middleware\LanguageManager.php:61
#34 \vendor\laravel\framework\src\Illuminate\Pipeline\Pipeline.php:183
#35 \app\Http\Middleware\DemoMiddleware.php:68
#36 \vendor\laravel\framework\src\Illuminate\Pipeline\Pipeline.php:183
#37 \vendor\laravel\framework\src\Illuminate\Routing\Middleware\SubstituteBindings.php:50
#38 \vendor\laravel\framework\src\Illuminate\Pipeline\Pipeline.php:183
#39 \vendor\laravel\framework\src\Illuminate\Foundation\Http\Middleware\VerifyCsrfToken.php:78
#40 \vendor\laravel\framework\src\Illuminate\Pipeline\Pipeline.php:183
#41 \vendor\laravel\framework\src\Illuminate\View\Middleware\ShareErrorsFromSession.php:49
#42 \vendor\laravel\framework\src\Illuminate\Pipeline\Pipeline.php:183
#43 \vendor\laravel\framework\src\Illuminate\Session\Middleware\StartSession.php:121
#44 \vendor\laravel\framework\src\Illuminate\Session\Middleware\StartSession.php:64
#45 \vendor\laravel\framework\src\Illuminate\Pipeline\Pipeline.php:183
#46 \vendor\laravel\framework\src\Illuminate\Cookie\Middleware\AddQueuedCookiesToResponse.php:37
#47 \vendor\laravel\framework\src\Illuminate\Pipeline\Pipeline.php:183
#48 \vendor\laravel\framework\src\Illuminate\Cookie\Middleware\EncryptCookies.php:67
#49 \vendor\laravel\framework\src\Illuminate\Pipeline\Pipeline.php:183
  
[2026-02-26 17:10:23] local.INFO: Detected N+1 Query  
[2026-02-26 17:10:23] local.INFO: Model: App\Models\User
Relation: Spatie\Permission\Models\Role
Num-Called: 2
Call-Stack:
#20 \vendor\spatie\laravel-permission\src\Traits\HasRoles.php:188
#21 \app\Http\Middleware\MustVerifyEmail.php:23
#22 \vendor\laravel\framework\src\Illuminate\Pipeline\Pipeline.php:183
#23 \app\Http\Middleware\SwitchDatabase.php:40
#24 \vendor\laravel\framework\src\Illuminate\Pipeline\Pipeline.php:183
#25 \app\Http\Middleware\Status.php:42
#26 \vendor\laravel\framework\src\Illuminate\Pipeline\Pipeline.php:183
#27 \app\Http\Middleware\CheckSchoolStatus.php:107
#28 \vendor\laravel\framework\src\Illuminate\Pipeline\Pipeline.php:183
#29 \app\Http\Middleware\CheckRole.php:38
#30 \vendor\laravel\framework\src\Illuminate\Pipeline\Pipeline.php:183
#31 \app\Http\Middleware\WizardSettings.php:29
#32 \vendor\laravel\framework\src\Illuminate\Pipeline\Pipeline.php:183
#33 \app\Http\Middleware\LanguageManager.php:61
#34 \vendor\laravel\framework\src\Illuminate\Pipeline\Pipeline.php:183
#35 \app\Http\Middleware\DemoMiddleware.php:68
#36 \vendor\laravel\framework\src\Illuminate\Pipeline\Pipeline.php:183
#37 \vendor\laravel\framework\src\Illuminate\Routing\Middleware\SubstituteBindings.php:50
#38 \vendor\laravel\framework\src\Illuminate\Pipeline\Pipeline.php:183
#39 \vendor\laravel\framework\src\Illuminate\Foundation\Http\Middleware\VerifyCsrfToken.php:78
#40 \vendor\laravel\framework\src\Illuminate\Pipeline\Pipeline.php:183
#41 \vendor\laravel\framework\src\Illuminate\View\Middleware\ShareErrorsFromSession.php:49
#42 \vendor\laravel\framework\src\Illuminate\Pipeline\Pipeline.php:183
#43 \vendor\laravel\framework\src\Illuminate\Session\Middleware\StartSession.php:121
#44 \vendor\laravel\framework\src\Illuminate\Session\Middleware\StartSession.php:64
#45 \vendor\laravel\framework\src\Illuminate\Pipeline\Pipeline.php:183
#46 \vendor\laravel\framework\src\Illuminate\Cookie\Middleware\AddQueuedCookiesToResponse.php:37
#47 \vendor\laravel\framework\src\Illuminate\Pipeline\Pipeline.php:183
#48 \vendor\laravel\framework\src\Illuminate\Cookie\Middleware\EncryptCookies.php:67
#49 \vendor\laravel\framework\src\Illuminate\Pipeline\Pipeline.php:183
  
