#1 /home/sarthakedge/htdocs/sarthakedge.com/php_code1/vendor/laravel/framework/src/Illuminate/Database/Connection.php(816): Illuminate\\Database\\Connection->{closure:Illuminate\\Database\\Connection::select():414}()
#2 /home/sarthakedge/htdocs/sarthakedge.com/php_code1/vendor/laravel/framework/src/Illuminate/Database/Connection.php(783): Illuminate\\Database\\Connection->runQueryCallback()
#3 /home/sarthakedge/htdocs/sarthakedge.com/php_code1/vendor/laravel/framework/src/Illuminate/Database/Connection.php(414): Illuminate\\Database\\Connection->run()
#4 /home/sarthakedge/htdocs/sarthakedge.com/php_code1/vendor/laravel/framework/src/Illuminate/Database/Query/Builder.php(2913): Illuminate\\Database\\Connection->select()
#5 /home/sarthakedge/htdocs/sarthakedge.com/php_code1/vendor/laravel/framework/src/Illuminate/Database/Query/Builder.php(2902): Illuminate\\Database\\Query\\Builder->runSelect()
#6 /home/sarthakedge/htdocs/sarthakedge.com/php_code1/vendor/laravel/framework/src/Illuminate/Database/Query/Builder.php(3456): Illuminate\\Database\\Query\\Builder->{closure:Illuminate\\Database\\Query\\Builder::get():2901}()
#7 /home/sarthakedge/htdocs/sarthakedge.com/php_code1/vendor/laravel/framework/src/Illuminate/Database/Query/Builder.php(2901): Illuminate\\Database\\Query\\Builder->onceWithColumns()
#8 /home/sarthakedge/htdocs/sarthakedge.com/php_code1/vendor/laravel/framework/src/Illuminate/Database/Eloquent/Builder.php(739): Illuminate\\Database\\Query\\Builder->get()
#9 /home/sarthakedge/htdocs/sarthakedge.com/php_code1/vendor/laravel/framework/src/Illuminate/Database/Eloquent/Builder.php(723): Illuminate\\Database\\Eloquent\\Builder->getModels()
#10 /home/sarthakedge/htdocs/sarthakedge.com/php_code1/vendor/laravel/framework/src/Illuminate/Database/Concerns/BuildsQueries.php(333): Illuminate\\Database\\Eloquent\\Builder->get()
#11 /home/sarthakedge/htdocs/sarthakedge.com/php_code1/vendor/laravel/framework/src/Illuminate/Database/Eloquent/Builder.php(672): Illuminate\\Database\\Eloquent\\Builder->first()
#12 /home/sarthakedge/htdocs/sarthakedge.com/php_code1/app/Http/Controllers/DashboardController.php(384): Illuminate\\Database\\Eloquent\\Builder->value()
#13 /home/sarthakedge/htdocs/sarthakedge.com/php_code1/vendor/laravel/framework/src/Illuminate/Routing/Controller.php(54): App\\Http\\Controllers\\DashboardController->index()
#14 /home/sarthakedge/htdocs/sarthakedge.com/php_code1/vendor/laravel/framework/src/Illuminate/Routing/ControllerDispatcher.php(43): Illuminate\\Routing\\Controller->callAction()
#15 /home/sarthakedge/htdocs/sarthakedge.com/php_code1/vendor/laravel/framework/src/Illuminate/Routing/Route.php(259): Illuminate\\Routing\\ControllerDispatcher->dispatch()
#16 /home/sarthakedge/htdocs/sarthakedge.com/php_code1/vendor/laravel/framework/src/Illuminate/Routing/Route.php(205): Illuminate\\Routing\\Route->runController()
#17 /home/sarthakedge/htdocs/sarthakedge.com/php_code1/vendor/laravel/framework/src/Illuminate/Routing/Router.php(806): Illuminate\\Routing\\Route->run()
#18 /home/sarthakedge/htdocs/sarthakedge.com/php_code1/vendor/laravel/framework/src/Illuminate/Pipeline/Pipeline.php(144): Illuminate\\Routing\\Router->{closure:Illuminate\\Routing\\Router::runRouteWithinStack():805}()
#19 /home/sarthakedge/htdocs/sarthakedge.com/php_code1/app/Http/Middleware/CheckTwoFactorAuthenticated.php(40): Illuminate\\Pipeline\\Pipeline->{closure:Illuminate\\Pipeline\\Pipeline::prepareDestination():142}()
#20 /home/sarthakedge/htdocs/sarthakedge.com/php_code1/vendor/laravel/framework/src/Illuminate/Pipeline/Pipeline.php(183): App\\Http\\Middleware\\CheckTwoFactorAuthenticated->handle()
#21 /home/sarthakedge/htdocs/sarthakedge.com/php_code1/app/Http/Middleware/CheckForMaintenanceMode.php(32): Illuminate\\Pipeline\\Pipeline->{closure:{closure:Illuminate\\Pipeline\\Pipeline::carry():158}:159}()
#22 /home/sarthakedge/htdocs/sarthakedge.com/php_code1/vendor/laravel/framework/src/Illuminate/Pipeline/Pipeline.php(183): App\\Http\\Middleware\\CheckForMaintenanceMode->handle()
#23 /home/sarthakedge/htdocs/sarthakedge.com/php_code1/app/Http/Middleware/MustVerifyEmail.php(33): Illuminate\\Pipeline\\Pipeline->{closure:{closure:Illuminate\\Pipeline\\Pipeline::carry():158}:159}()
#24 /home/sarthakedge/htdocs/sarthakedge.com/php_code1/vendor/laravel/framework/src/Illuminate/Pipeline/Pipeline.php(183): App\\Http\\Middleware\\MustVerifyEmail->handle()
#25 /home/sarthakedge/htdocs/sarthakedge.com/php_code1/app/Http/Middleware/SwitchDatabase.php(40): Illuminate\\Pipeline\\Pipeline->{closure:{closure:Illuminate\\Pipeline\\Pipeline::carry():158}:159}()
#26 /home/sarthakedge/htdocs/sarthakedge.com/php_code1/vendor/laravel/framework/src/Illuminate/Pipeline/Pipeline.php(183): App\\Http\\Middleware\\SwitchDatabase->handle()
#27 /home/sarthakedge/htdocs/sarthakedge.com/php_code1/app/Http/Middleware/Status.php(42): Illuminate\\Pipeline\\Pipeline->{closure:{closure:Illuminate\\Pipeline\\Pipeline::carry():158}:159}()
#28 /home/sarthakedge/htdocs/sarthakedge.com/php_code1/vendor/laravel/framework/src/Illuminate/Pipeline/Pipeline.php(183): App\\Http\\Middleware\\Status->handle()
#29 /home/sarthakedge/htdocs/sarthakedge.com/php_code1/app/Http/Middleware/CheckSchoolStatus.php(107): Illuminate\\Pipeline\\Pipeline->{closure:{closure:Illuminate\\Pipeline\\Pipeline::carry():158}:159}()
#30 /home/sarthakedge/htdocs/sarthakedge.com/php_code1/vendor/laravel/framework/src/Illuminate/Pipeline/Pipeline.php(183): App\\Http\\Middleware\\CheckSchoolStatus->handle()
#31 /home/sarthakedge/htdocs/sarthakedge.com/php_code1/app/Http/Middleware/CheckRole.php(38): Illuminate\\Pipeline\\Pipeline->{closure:{closure:Illuminate\\Pipeline\\Pipeline::carry():158}:159}()
#32 /home/sarthakedge/htdocs/sarthakedge.com/php_code1/vendor/laravel/framework/src/Illuminate/Pipeline/Pipeline.php(183): App\\Http\\Middleware\\CheckRole->handle()
#33 /home/sarthakedge/htdocs/sarthakedge.com/php_code1/app/Http/Middleware/WizardSettings.php(29): Illuminate\\Pipeline\\Pipeline->{closure:{closure:Illuminate\\Pipeline\\Pipeline::carry():158}:159}()
#34 /home/sarthakedge/htdocs/sarthakedge.com/php_code1/vendor/laravel/framework/src/Illuminate/Pipeline/Pipeline.php(183): App\\Http\\Middleware\\WizardSettings->handle()
#35 /home/sarthakedge/htdocs/sarthakedge.com/php_code1/app/Http/Middleware/LanguageManager.php(61): Illuminate\\Pipeline\\Pipeline->{closure:{closure:Illuminate\\Pipeline\\Pipeline::carry():158}:159}()
#36 /home/sarthakedge/htdocs/sarthakedge.com/php_code1/vendor/laravel/framework/src/Illuminate/Pipeline/Pipeline.php(183): App\\Http\\Middleware\\LanguageManager->handle()
#37 /home/sarthakedge/htdocs/sarthakedge.com/php_code1/app/Http/Middleware/DemoMiddleware.php(68): Illuminate\\Pipeline\\Pipeline->{closure:{closure:Illuminate\\Pipeline\\Pipeline::carry():158}:159}()
#38 /home/sarthakedge/htdocs/sarthakedge.com/php_code1/vendor/laravel/framework/src/Illuminate/Pipeline/Pipeline.php(183): App\\Http\\Middleware\\DemoMiddleware->handle()
#39 /home/sarthakedge/htdocs/sarthakedge.com/php_code1/vendor/laravel/framework/src/Illuminate/Routing/Middleware/SubstituteBindings.php(50): Illuminate\\Pipeline\\Pipeline->{closure:{closure:Illuminate\\Pipeline\\Pipeline::carry():158}:159}()
#40 /home/sarthakedge/htdocs/sarthakedge.com/php_code1/vendor/laravel/framework/src/Illuminate/Pipeline/Pipeline.php(183): Illuminate\\Routing\\Middleware\\SubstituteBindings->handle()
#41 /home/sarthakedge/htdocs/sarthakedge.com/php_code1/vendor/laravel/framework/src/Illuminate/Foundation/Http/Middleware/VerifyCsrfToken.php(78): Illuminate\\Pipeline\\Pipeline->{closure:{closure:Illuminate\\Pipeline\\Pipeline::carry():158}:159}()
#42 /home/sarthakedge/htdocs/sarthakedge.com/php_code1/vendor/laravel/framework/src/Illuminate/Pipeline/Pipeline.php(183): Illuminate\\Foundation\\Http\\Middleware\\VerifyCsrfToken->handle()
#43 /home/sarthakedge/htdocs/sarthakedge.com/php_code1/vendor/laravel/framework/src/Illuminate/View/Middleware/ShareErrorsFromSession.php(49): Illuminate\\Pipeline\\Pipeline->{closure:{closure:Illuminate\\Pipeline\\Pipeline::carry():158}:159}()
#44 /home/sarthakedge/htdocs/sarthakedge.com/php_code1/vendor/laravel/framework/src/Illuminate/Pipeline/Pipeline.php(183): Illuminate\\View\\Middleware\\ShareErrorsFromSession->handle()
#45 /home/sarthakedge/htdocs/sarthakedge.com/php_code1/vendor/laravel/framework/src/Illuminate/Session/Middleware/StartSession.php(121): Illuminate\\Pipeline\\Pipeline->{closure:{closure:Illuminate\\Pipeline\\Pipeline::carry():158}:159}()
#46 /home/sarthakedge/htdocs/sarthakedge.com/php_code1/vendor/laravel/framework/src/Illuminate/Session/Middleware/StartSession.php(64): Illuminate\\Session\\Middleware\\StartSession->handleStatefulRequest()
#47 /home/sarthakedge/htdocs/sarthakedge.com/php_code1/vendor/laravel/framework/src/Illuminate/Pipeline/Pipeline.php(183): Illuminate\\Session\\Middleware\\StartSession->handle()
#48 /home/sarthakedge/htdocs/sarthakedge.com/php_code1/vendor/laravel/framework/src/Illuminate/Cookie/Middleware/AddQueuedCookiesToResponse.php(37): Illuminate\\Pipeline\\Pipeline->{closure:{closure:Illuminate\\Pipeline\\Pipeline::carry():158}:159}()
#49 /home/sarthakedge/htdocs/sarthakedge.com/php_code1/vendor/laravel/framework/src/Illuminate/Pipeline/Pipeline.php(183): Illuminate\\Cookie\\Middleware\\AddQueuedCookiesToResponse->handle()
#50 /home/sarthakedge/htdocs/sarthakedge.com/php_code1/vendor/laravel/framework/src/Illuminate/Cookie/Middleware/EncryptCookies.php(67): Illuminate\\Pipeline\\Pipeline->{closure:{closure:Illuminate\\Pipeline\\Pipeline::carry():158}:159}()
#51 /home/sarthakedge/htdocs/sarthakedge.com/php_code1/vendor/laravel/framework/src/Illuminate/Pipeline/Pipeline.php(183): Illuminate\\Cookie\\Middleware\\EncryptCookies->handle()
#52 /home/sarthakedge/htdocs/sarthakedge.com/php_code1/vendor/sagar/laravel-wizard-installer/src/Middleware/ToInstallMiddleware.php(39): Illuminate\\Pipeline\\Pipeline->{closure:{closure:Illuminate\\Pipeline\\Pipeline::carry():158}:159}()
#53 /home/sarthakedge/htdocs/sarthakedge.com/php_code1/vendor/laravel/framework/src/Illuminate/Pipeline/Pipeline.php(183): dacoto\\LaravelWizardInstaller\\Middleware\\ToInstallMiddleware->handle()
#54 /home/sarthakedge/htdocs/sarthakedge.com/php_code1/vendor/laravel/framework/src/Illuminate/Pipeline/Pipeline.php(119): Illuminate\\Pipeline\\Pipeline->{closure:{closure:Illuminate\\Pipeline\\Pipeline::carry():158}:159}()
#55 /home/sarthakedge/htdocs/sarthakedge.com/php_code1/vendor/laravel/framework/src/Illuminate/Routing/Router.php(805): Illuminate\\Pipeline\\Pipeline->then()
#56 /home/sarthakedge/htdocs/sarthakedge.com/php_code1/vendor/laravel/framework/src/Illuminate/Routing/Router.php(784): Illuminate\\Routing\\Router->runRouteWithinStack()
#57 /home/sarthakedge/htdocs/sarthakedge.com/php_code1/vendor/laravel/framework/src/Illuminate/Routing/Router.php(748): Illuminate\\Routing\\Router->runRoute()
#58 /home/sarthakedge/htdocs/sarthakedge.com/php_code1/vendor/laravel/framework/src/Illuminate/Routing/Router.php(737): Illuminate\\Routing\\Router->dispatchToRoute()
#59 /home/sarthakedge/htdocs/sarthakedge.com/php_code1/vendor/laravel/framework/src/Illuminate/Foundation/Http/Kernel.php(200): Illuminate\\Routing\\Router->dispatch()
#60 /home/sarthakedge/htdocs/sarthakedge.com/php_code1/vendor/laravel/framework/src/Illuminate/Pipeline/Pipeline.php(144): Illuminate\\Foundation\\Http\\Kernel->{closure:Illuminate\\Foundation\\Http\\Kernel::dispatchToRouter():197}()
#61 /home/sarthakedge/htdocs/sarthakedge.com/php_code1/vendor/laravel/framework/src/Illuminate/Foundation/Http/Middleware/TransformsRequest.php(21): Illuminate\\Pipeline\\Pipeline->{closure:Illuminate\\Pipeline\\Pipeline::prepareDestination():142}()
#62 /home/sarthakedge/htdocs/sarthakedge.com/php_code1/vendor/laravel/framework/src/Illuminate/Foundation/Http/Middleware/ConvertEmptyStringsToNull.php(31): Illuminate\\Foundation\\Http\\Middleware\\TransformsRequest->handle()
#63 /home/sarthakedge/htdocs/sarthakedge.com/php_code1/vendor/laravel/framework/src/Illuminate/Pipeline/Pipeline.php(183): Illuminate\\Foundation\\Http\\Middleware\\ConvertEmptyStringsToNull->handle()
#64 /home/sarthakedge/htdocs/sarthakedge.com/php_code1/vendor/laravel/framework/src/Illuminate/Foundation/Http/Middleware/TransformsRequest.php(21): Illuminate\\Pipeline\\Pipeline->{closure:{closure:Illuminate\\Pipeline\\Pipeline::carry():158}:159}()
#65 /home/sarthakedge/htdocs/sarthakedge.com/php_code1/vendor/laravel/framework/src/Illuminate/Foundation/Http/Middleware/TrimStrings.php(40): Illuminate\\Foundation\\Http\\Middleware\\TransformsRequest->handle()
#66 /home/sarthakedge/htdocs/sarthakedge.com/php_code1/vendor/laravel/framework/src/Illuminate/Pipeline/Pipeline.php(183): Illuminate\\Foundation\\Http\\Middleware\\TrimStrings->handle()
#67 /home/sarthakedge/htdocs/sarthakedge.com/php_code1/vendor/laravel/framework/src/Illuminate/Foundation/Http/Middleware/ValidatePostSize.php(27): Illuminate\\Pipeline\\Pipeline->{closure:{closure:Illuminate\\Pipeline\\Pipeline::carry():158}:159}()
#68 /home/sarthakedge/htdocs/sarthakedge.com/php_code1/vendor/laravel/framework/src/Illuminate/Pipeline/Pipeline.php(183): Illuminate\\Foundation\\Http\\Middleware\\ValidatePostSize->handle()
#69 /home/sarthakedge/htdocs/sarthakedge.com/php_code1/vendor/laravel/framework/src/Illuminate/Foundation/Http/Middleware/PreventRequestsDuringMaintenance.php(99): Illuminate\\Pipeline\\Pipeline->{closure:{closure:Illuminate\\Pipeline\\Pipeline::carry():158}:159}()
#70 /home/sarthakedge/htdocs/sarthakedge.com/php_code1/vendor/laravel/framework/src/Illuminate/Pipeline/Pipeline.php(183): Illuminate\\Foundation\\Http\\Middleware\\PreventRequestsDuringMaintenance->handle()
#71 /home/sarthakedge/htdocs/sarthakedge.com/php_code1/vendor/laravel/framework/src/Illuminate/Http/Middleware/HandleCors.php(49): Illuminate\\Pipeline\\Pipeline->{closure:{closure:Illuminate\\Pipeline\\Pipeline::carry():158}:159}()
#72 /home/sarthakedge/htdocs/sarthakedge.com/php_code1/vendor/laravel/framework/src/Illuminate/Pipeline/Pipeline.php(183): Illuminate\\Http\\Middleware\\HandleCors->handle()
#73 /home/sarthakedge/htdocs/sarthakedge.com/php_code1/vendor/laravel/framework/src/Illuminate/Http/Middleware/TrustProxies.php(39): Illuminate\\Pipeline\\Pipeline->{closure:{closure:Illuminate\\Pipeline\\Pipeline::carry():158}:159}()
#74 /home/sarthakedge/htdocs/sarthakedge.com/php_code1/vendor/laravel/framework/src/Illuminate/Pipeline/Pipeline.php(183): Illuminate\\Http\\Middleware\\TrustProxies->handle()
#75 /home/sarthakedge/htdocs/sarthakedge.com/php_code1/vendor/laravel/framework/src/Illuminate/Pipeline/Pipeline.php(119): Illuminate\\Pipeline\\Pipeline->{closure:{closure:Illuminate\\Pipeline\\Pipeline::carry():158}:159}()
#76 /home/sarthakedge/htdocs/sarthakedge.com/php_code1/vendor/laravel/framework/src/Illuminate/Foundation/Http/Kernel.php(175): Illuminate\\Pipeline\\Pipeline->then()
#77 /home/sarthakedge/htdocs/sarthakedge.com/php_code1/vendor/laravel/framework/src/Illuminate/Foundation/Http/Kernel.php(144): Illuminate\\Foundation\\Http\\Kernel->sendRequestThroughRouter()
#78 /home/sarthakedge/htdocs/sarthakedge.com/php_code1/public/index.php(51): Illuminate\\Foundation\\Http\\Kernel->handle()
#79 {main}
"} 
