#9 {main}

[previous exception] [object] (PDOException(code: 42S22): SQLSTATE[42S22]: Column not found: 1054 Unknown column 'full_name' in 'field list' at /home/sarthakedge/htdocs/sarthakedge.com/php_code1/vendor/laravel/framework/src/Illuminate/Database/MySqlConnection.php:39)
[stacktrace]
#0 /home/sarthakedge/htdocs/sarthakedge.com/php_code1/vendor/laravel/framework/src/Illuminate/Database/MySqlConnection.php(39): PDO->prepare()
#1 /home/sarthakedge/htdocs/sarthakedge.com/php_code1/vendor/laravel/framework/src/Illuminate/Database/Connection.php(816): Illuminate\\Database\\MySqlConnection->Illuminate\\Database\\{closure}()
#2 /home/sarthakedge/htdocs/sarthakedge.com/php_code1/vendor/laravel/framework/src/Illuminate/Database/Connection.php(783): Illuminate\\Database\\Connection->runQueryCallback()
#3 /home/sarthakedge/htdocs/sarthakedge.com/php_code1/vendor/laravel/framework/src/Illuminate/Database/MySqlConnection.php(34): Illuminate\\Database\\Connection->run()
#4 /home/sarthakedge/htdocs/sarthakedge.com/php_code1/vendor/laravel/framework/src/Illuminate/Database/Query/Processors/MySqlProcessor.php(35): Illuminate\\Database\\MySqlConnection->insert()
#5 /home/sarthakedge/htdocs/sarthakedge.com/php_code1/vendor/laravel/framework/src/Illuminate/Database/Query/Builder.php(3549): Illuminate\\Database\\Query\\Processors\\MySqlProcessor->processInsertGetId()
#6 /home/sarthakedge/htdocs/sarthakedge.com/php_code1/vendor/laravel/framework/src/Illuminate/Database/Eloquent/Builder.php(1982): Illuminate\\Database\\Query\\Builder->insertGetId()
#7 /home/sarthakedge/htdocs/sarthakedge.com/php_code1/vendor/laravel/framework/src/Illuminate/Database/Eloquent/Model.php(1334): Illuminate\\Database\\Eloquent\\Builder->__call()
#8 /home/sarthakedge/htdocs/sarthakedge.com/php_code1/vendor/laravel/framework/src/Illuminate/Database/Eloquent/Model.php(1299): Illuminate\\Database\\Eloquent\\Model->insertAndSetId()
#9 /home/sarthakedge/htdocs/sarthakedge.com/php_code1/vendor/laravel/framework/src/Illuminate/Database/Eloquent/Model.php(1138): Illuminate\\Database\\Eloquent\\Model->performInsert()
#10 /home/sarthakedge/htdocs/sarthakedge.com/php_code1/test_login6.php(36): Illuminate\\Database\\Eloquent\\Model->save()
#11 {main}
"} 
[2026-03-03 12:59:16] local.INFO: Switched to database: school_db  
[2026-03-03 12:59:16] local.INFO: User authenticated successfully. {"user_id":11,"email":"saisuppu1@gmail.com"} 
[2026-03-03 12:59:17] local.INFO: 2FA code sent to: saisuppu1@gmail.com  
[2026-03-03 13:21:12] local.INFO: Switched to database: school_db  
[2026-03-03 13:21:12] local.INFO: User authenticated successfully. {"user_id":11,"email":"saisuppu1@gmail.com"} 
[2026-03-03 13:21:12] local.INFO: 2FA code sent to: saisuppu1@gmail.com  
[2026-03-03 13:24:01] local.INFO: Switched to database: school_db  
[2026-03-03 13:24:01] local.INFO: User authenticated successfully. {"user_id":11,"email":"saisuppu1@gmail.com"} 
[2026-03-03 13:32:56] local.INFO: Switched to database: school_db  
[2026-03-03 13:32:56] local.INFO: User authenticated successfully. {"user_id":11,"email":"saisuppu1@gmail.com"} 
[2026-03-03 13:33:04] local.INFO: Switched to database: school_db  
[2026-03-03 13:33:04] local.INFO: User authenticated successfully. {"user_id":11,"email":"saisuppu1@gmail.com"} 
[2026-03-03 13:43:46] local.INFO: Switched to database: school_db  
[2026-03-03 13:43:46] local.INFO: User authenticated successfully. {"user_id":11,"email":"saisuppu1@gmail.com"} 
[2026-03-03 13:43:53] local.INFO: Switched to database: school_db  
[2026-03-03 13:43:54] local.INFO: User authenticated successfully. {"user_id":11,"email":"saisuppu1@gmail.com"} 
[2026-03-03 13:43:55] local.INFO: Switched to database: school_db  
[2026-03-03 13:43:55] local.INFO: User authenticated successfully. {"user_id":11,"email":"saisuppu1@gmail.com"} 
[2026-03-03 13:44:02] local.INFO: Switched to database: school_db  
[2026-03-03 13:44:02] local.INFO: User authenticated successfully. {"user_id":11,"email":"saisuppu1@gmail.com"} 
[2026-03-03 13:51:44] local.INFO: Switched to database: school_db  
[2026-03-03 13:51:44] local.INFO: User authenticated successfully. {"user_id":11,"email":"saisuppu1@gmail.com"} 
[2026-03-03 13:51:44] local.ERROR: Attempt to read property "email_verified_at" on null {"userId":11,"exception":"[object] (ErrorException(code: 0): Attempt to read property \"email_verified_at\" on null at /home/sarthakedge/htdocs/sarthakedge.com/php_code1/app/Http/Middleware/MustVerifyEmail.php:28)
[stacktrace]
#0 /home/sarthakedge/htdocs/sarthakedge.com/php_code1/vendor/laravel/framework/src/Illuminate/Foundation/Bootstrap/HandleExceptions.php(255): Illuminate\\Foundation\\Bootstrap\\HandleExceptions->handleError()
#1 /home/sarthakedge/htdocs/sarthakedge.com/php_code1/app/Http/Middleware/MustVerifyEmail.php(28): Illuminate\\Foundation\\Bootstrap\\HandleExceptions->{closure:Illuminate\\Foundation\\Bootstrap\\HandleExceptions::forwardsTo():254}()
#2 /home/sarthakedge/htdocs/sarthakedge.com/php_code1/vendor/laravel/framework/src/Illuminate/Pipeline/Pipeline.php(183): App\\Http\\Middleware\\MustVerifyEmail->handle()
#3 /home/sarthakedge/htdocs/sarthakedge.com/php_code1/app/Http/Middleware/SwitchDatabase.php(40): Illuminate\\Pipeline\\Pipeline->{closure:{closure:Illuminate\\Pipeline\\Pipeline::carry():158}:159}()
#4 /home/sarthakedge/htdocs/sarthakedge.com/php_code1/vendor/laravel/framework/src/Illuminate/Pipeline/Pipeline.php(183): App\\Http\\Middleware\\SwitchDatabase->handle()
#5 /home/sarthakedge/htdocs/sarthakedge.com/php_code1/app/Http/Middleware/Status.php(42): Illuminate\\Pipeline\\Pipeline->{closure:{closure:Illuminate\\Pipeline\\Pipeline::carry():158}:159}()
#6 /home/sarthakedge/htdocs/sarthakedge.com/php_code1/vendor/laravel/framework/src/Illuminate/Pipeline/Pipeline.php(183): App\\Http\\Middleware\\Status->handle()
#7 /home/sarthakedge/htdocs/sarthakedge.com/php_code1/app/Http/Middleware/CheckSchoolStatus.php(107): Illuminate\\Pipeline\\Pipeline->{closure:{closure:Illuminate\\Pipeline\\Pipeline::carry():158}:159}()
#8 /home/sarthakedge/htdocs/sarthakedge.com/php_code1/vendor/laravel/framework/src/Illuminate/Pipeline/Pipeline.php(183): App\\Http\\Middleware\\CheckSchoolStatus->handle()
#9 /home/sarthakedge/htdocs/sarthakedge.com/php_code1/app/Http/Middleware/CheckRole.php(38): Illuminate\\Pipeline\\Pipeline->{closure:{closure:Illuminate\\Pipeline\\Pipeline::carry():158}:159}()
#10 /home/sarthakedge/htdocs/sarthakedge.com/php_code1/vendor/laravel/framework/src/Illuminate/Pipeline/Pipeline.php(183): App\\Http\\Middleware\\CheckRole->handle()
#11 /home/sarthakedge/htdocs/sarthakedge.com/php_code1/app/Http/Middleware/WizardSettings.php(29): Illuminate\\Pipeline\\Pipeline->{closure:{closure:Illuminate\\Pipeline\\Pipeline::carry():158}:159}()
#12 /home/sarthakedge/htdocs/sarthakedge.com/php_code1/vendor/laravel/framework/src/Illuminate/Pipeline/Pipeline.php(183): App\\Http\\Middleware\\WizardSettings->handle()
#13 /home/sarthakedge/htdocs/sarthakedge.com/php_code1/app/Http/Middleware/LanguageManager.php(61): Illuminate\\Pipeline\\Pipeline->{closure:{closure:Illuminate\\Pipeline\\Pipeline::carry():158}:159}()
#14 /home/sarthakedge/htdocs/sarthakedge.com/php_code1/vendor/laravel/framework/src/Illuminate/Pipeline/Pipeline.php(183): App\\Http\\Middleware\\LanguageManager->handle()
#15 /home/sarthakedge/htdocs/sarthakedge.com/php_code1/app/Http/Middleware/DemoMiddleware.php(68): Illuminate\\Pipeline\\Pipeline->{closure:{closure:Illuminate\\Pipeline\\Pipeline::carry():158}:159}()
#16 /home/sarthakedge/htdocs/sarthakedge.com/php_code1/vendor/laravel/framework/src/Illuminate/Pipeline/Pipeline.php(183): App\\Http\\Middleware\\DemoMiddleware->handle()
#17 /home/sarthakedge/htdocs/sarthakedge.com/php_code1/vendor/laravel/framework/src/Illuminate/Routing/Middleware/SubstituteBindings.php(50): Illuminate\\Pipeline\\Pipeline->{closure:{closure:Illuminate\\Pipeline\\Pipeline::carry():158}:159}()
#18 /home/sarthakedge/htdocs/sarthakedge.com/php_code1/vendor/laravel/framework/src/Illuminate/Pipeline/Pipeline.php(183): Illuminate\\Routing\\Middleware\\SubstituteBindings->handle()
#19 /home/sarthakedge/htdocs/sarthakedge.com/php_code1/vendor/laravel/framework/src/Illuminate/Foundation/Http/Middleware/VerifyCsrfToken.php(78): Illuminate\\Pipeline\\Pipeline->{closure:{closure:Illuminate\\Pipeline\\Pipeline::carry():158}:159}()
#20 /home/sarthakedge/htdocs/sarthakedge.com/php_code1/vendor/laravel/framework/src/Illuminate/Pipeline/Pipeline.php(183): Illuminate\\Foundation\\Http\\Middleware\\VerifyCsrfToken->handle()
#21 /home/sarthakedge/htdocs/sarthakedge.com/php_code1/vendor/laravel/framework/src/Illuminate/View/Middleware/ShareErrorsFromSession.php(49): Illuminate\\Pipeline\\Pipeline->{closure:{closure:Illuminate\\Pipeline\\Pipeline::carry():158}:159}()
#22 /home/sarthakedge/htdocs/sarthakedge.com/php_code1/vendor/laravel/framework/src/Illuminate/Pipeline/Pipeline.php(183): Illuminate\\View\\Middleware\\ShareErrorsFromSession->handle()
#23 /home/sarthakedge/htdocs/sarthakedge.com/php_code1/vendor/laravel/framework/src/Illuminate/Session/Middleware/StartSession.php(121): Illuminate\\Pipeline\\Pipeline->{closure:{closure:Illuminate\\Pipeline\\Pipeline::carry():158}:159}()
#24 /home/sarthakedge/htdocs/sarthakedge.com/php_code1/vendor/laravel/framework/src/Illuminate/Session/Middleware/StartSession.php(64): Illuminate\\Session\\Middleware\\StartSession->handleStatefulRequest()
#25 /home/sarthakedge/htdocs/sarthakedge.com/php_code1/vendor/laravel/framework/src/Illuminate/Pipeline/Pipeline.php(183): Illuminate\\Session\\Middleware\\StartSession->handle()
#26 /home/sarthakedge/htdocs/sarthakedge.com/php_code1/vendor/laravel/framework/src/Illuminate/Cookie/Middleware/AddQueuedCookiesToResponse.php(37): Illuminate\\Pipeline\\Pipeline->{closure:{closure:Illuminate\\Pipeline\\Pipeline::carry():158}:159}()
#27 /home/sarthakedge/htdocs/sarthakedge.com/php_code1/vendor/laravel/framework/src/Illuminate/Pipeline/Pipeline.php(183): Illuminate\\Cookie\\Middleware\\AddQueuedCookiesToResponse->handle()
#28 /home/sarthakedge/htdocs/sarthakedge.com/php_code1/vendor/laravel/framework/src/Illuminate/Cookie/Middleware/EncryptCookies.php(67): Illuminate\\Pipeline\\Pipeline->{closure:{closure:Illuminate\\Pipeline\\Pipeline::carry():158}:159}()
#29 /home/sarthakedge/htdocs/sarthakedge.com/php_code1/vendor/laravel/framework/src/Illuminate/Pipeline/Pipeline.php(183): Illuminate\\Cookie\\Middleware\\EncryptCookies->handle()
#30 /home/sarthakedge/htdocs/sarthakedge.com/php_code1/vendor/sagar/laravel-wizard-installer/src/Middleware/ToInstallMiddleware.php(39): Illuminate\\Pipeline\\Pipeline->{closure:{closure:Illuminate\\Pipeline\\Pipeline::carry():158}:159}()
#31 /home/sarthakedge/htdocs/sarthakedge.com/php_code1/vendor/laravel/framework/src/Illuminate/Pipeline/Pipeline.php(183): dacoto\\LaravelWizardInstaller\\Middleware\\ToInstallMiddleware->handle()
#32 /home/sarthakedge/htdocs/sarthakedge.com/php_code1/vendor/laravel/framework/src/Illuminate/Pipeline/Pipeline.php(119): Illuminate\\Pipeline\\Pipeline->{closure:{closure:Illuminate\\Pipeline\\Pipeline::carry():158}:159}()
#33 /home/sarthakedge/htdocs/sarthakedge.com/php_code1/vendor/laravel/framework/src/Illuminate/Routing/Router.php(805): Illuminate\\Pipeline\\Pipeline->then()
#34 /home/sarthakedge/htdocs/sarthakedge.com/php_code1/vendor/laravel/framework/src/Illuminate/Routing/Router.php(784): Illuminate\\Routing\\Router->runRouteWithinStack()
#35 /home/sarthakedge/htdocs/sarthakedge.com/php_code1/vendor/laravel/framework/src/Illuminate/Routing/Router.php(748): Illuminate\\Routing\\Router->runRoute()
#36 /home/sarthakedge/htdocs/sarthakedge.com/php_code1/vendor/laravel/framework/src/Illuminate/Routing/Router.php(737): Illuminate\\Routing\\Router->dispatchToRoute()
#37 /home/sarthakedge/htdocs/sarthakedge.com/php_code1/vendor/laravel/framework/src/Illuminate/Foundation/Http/Kernel.php(200): Illuminate\\Routing\\Router->dispatch()
#38 /home/sarthakedge/htdocs/sarthakedge.com/php_code1/vendor/laravel/framework/src/Illuminate/Pipeline/Pipeline.php(144): Illuminate\\Foundation\\Http\\Kernel->{closure:Illuminate\\Foundation\\Http\\Kernel::dispatchToRouter():197}()
#39 /home/sarthakedge/htdocs/sarthakedge.com/php_code1/vendor/laravel/framework/src/Illuminate/Foundation/Http/Middleware/TransformsRequest.php(21): Illuminate\\Pipeline\\Pipeline->{closure:Illuminate\\Pipeline\\Pipeline::prepareDestination():142}()
#40 /home/sarthakedge/htdocs/sarthakedge.com/php_code1/vendor/laravel/framework/src/Illuminate/Foundation/Http/Middleware/ConvertEmptyStringsToNull.php(31): Illuminate\\Foundation\\Http\\Middleware\\TransformsRequest->handle()
#41 /home/sarthakedge/htdocs/sarthakedge.com/php_code1/vendor/laravel/framework/src/Illuminate/Pipeline/Pipeline.php(183): Illuminate\\Foundation\\Http\\Middleware\\ConvertEmptyStringsToNull->handle()
#42 /home/sarthakedge/htdocs/sarthakedge.com/php_code1/vendor/laravel/framework/src/Illuminate/Foundation/Http/Middleware/TransformsRequest.php(21): Illuminate\\Pipeline\\Pipeline->{closure:{closure:Illuminate\\Pipeline\\Pipeline::carry():158}:159}()
#43 /home/sarthakedge/htdocs/sarthakedge.com/php_code1/vendor/laravel/framework/src/Illuminate/Foundation/Http/Middleware/TrimStrings.php(40): Illuminate\\Foundation\\Http\\Middleware\\TransformsRequest->handle()
#44 /home/sarthakedge/htdocs/sarthakedge.com/php_code1/vendor/laravel/framework/src/Illuminate/Pipeline/Pipeline.php(183): Illuminate\\Foundation\\Http\\Middleware\\TrimStrings->handle()
#45 /home/sarthakedge/htdocs/sarthakedge.com/php_code1/vendor/laravel/framework/src/Illuminate/Foundation/Http/Middleware/ValidatePostSize.php(27): Illuminate\\Pipeline\\Pipeline->{closure:{closure:Illuminate\\Pipeline\\Pipeline::carry():158}:159}()
#46 /home/sarthakedge/htdocs/sarthakedge.com/php_code1/vendor/laravel/framework/src/Illuminate/Pipeline/Pipeline.php(183): Illuminate\\Foundation\\Http\\Middleware\\ValidatePostSize->handle()
#47 /home/sarthakedge/htdocs/sarthakedge.com/php_code1/vendor/laravel/framework/src/Illuminate/Foundation/Http/Middleware/PreventRequestsDuringMaintenance.php(99): Illuminate\\Pipeline\\Pipeline->{closure:{closure:Illuminate\\Pipeline\\Pipeline::carry():158}:159}()
#48 /home/sarthakedge/htdocs/sarthakedge.com/php_code1/vendor/laravel/framework/src/Illuminate/Pipeline/Pipeline.php(183): Illuminate\\Foundation\\Http\\Middleware\\PreventRequestsDuringMaintenance->handle()
#49 /home/sarthakedge/htdocs/sarthakedge.com/php_code1/vendor/laravel/framework/src/Illuminate/Http/Middleware/HandleCors.php(49): Illuminate\\Pipeline\\Pipeline->{closure:{closure:Illuminate\\Pipeline\\Pipeline::carry():158}:159}()
#50 /home/sarthakedge/htdocs/sarthakedge.com/php_code1/vendor/laravel/framework/src/Illuminate/Pipeline/Pipeline.php(183): Illuminate\\Http\\Middleware\\HandleCors->handle()
#51 /home/sarthakedge/htdocs/sarthakedge.com/php_code1/vendor/laravel/framework/src/Illuminate/Http/Middleware/TrustProxies.php(39): Illuminate\\Pipeline\\Pipeline->{closure:{closure:Illuminate\\Pipeline\\Pipeline::carry():158}:159}()
#52 /home/sarthakedge/htdocs/sarthakedge.com/php_code1/vendor/laravel/framework/src/Illuminate/Pipeline/Pipeline.php(183): Illuminate\\Http\\Middleware\\TrustProxies->handle()
#53 /home/sarthakedge/htdocs/sarthakedge.com/php_code1/vendor/laravel/framework/src/Illuminate/Pipeline/Pipeline.php(119): Illuminate\\Pipeline\\Pipeline->{closure:{closure:Illuminate\\Pipeline\\Pipeline::carry():158}:159}()
#54 /home/sarthakedge/htdocs/sarthakedge.com/php_code1/vendor/laravel/framework/src/Illuminate/Foundation/Http/Kernel.php(175): Illuminate\\Pipeline\\Pipeline->then()
#55 /home/sarthakedge/htdocs/sarthakedge.com/php_code1/vendor/laravel/framework/src/Illuminate/Foundation/Http/Kernel.php(144): Illuminate\\Foundation\\Http\\Kernel->sendRequestThroughRouter()
#56 /home/sarthakedge/htdocs/sarthakedge.com/php_code1/public/index.php(51): Illuminate\\Foundation\\Http\\Kernel->handle()
#57 {main}
"} 
